# JRE version: Java(TM) SE Runtime Environment (18.0.2.1+1) (build 18.0.2.1+1-1)
# Java VM: Java HotSpot(TM) 64-Bit Server VM (18.0.2.1+1-1, mixed mode, sharing, tiered, compressed oops, compressed class ptrs, g1 gc, windows-amd64)
GC Precious Log:
 CardTable entry size: 512
 Card Set container configuration: InlinePtr #cards 5 size 8 Array Of Cards #cards 12 size 40 Howl #buckets 4 coarsen threshold 1843 Howl Bitmap #cards 512 size 80 coarsen threshold 460 Card regions per heap region 1 cards per card region 2048
 CPUs: 2 total, 2 available
 Memory: 3918M
 Large Page Support: Disabled
 NUMA Support: Disabled
 Compressed Oops: Enabled (32-bit)
 Heap Region Size: 1M
 Heap Min Capacity: 8M
 Heap Initial Capacity: 62M
 Heap Max Capacity: 1G
 Pre-touch: Disabled
 Parallel Workers: 2
 Concurrent Workers: 1
 Concurrent Refinement Workers: 2
 Periodic GC: Disabled
Heap:
 garbage-first heap   total 117760K, used 67099K [0x00000000c0000000, 0x0000000100000000)
  region size 1024K, 2 young (2048K), 2 survivors (2048K)
 Metaspace       used 77199K, committed 79104K, reserved 344064K
  class space    used 10429K, committed 11392K, reserved 212992K
GC Heap History (20 events):
Event: 29.385 GC heap after
{Heap after GC invocations=31 (full 0):
 garbage-first heap   total 96256K, used 54014K [0x00000000c0000000, 0x0000000100000000)
  region size 1024K, 3 young (3072K), 3 survivors (3072K)
 Metaspace       used 59358K, committed 60864K, reserved 278528K
  class space    used 8400K, committed 9152K, reserved 212992K
}
Event: 30.171 GC heap before
{Heap before GC invocations=31 (full 0):
 garbage-first heap   total 96256K, used 72446K [0x00000000c0000000, 0x0000000100000000)
  region size 1024K, 21 young (21504K), 3 survivors (3072K)
 Metaspace       used 61922K, committed 63424K, reserved 278528K
  class space    used 8702K, committed 9472K, reserved 212992K
}
Event: 30.182 GC heap after
{Heap after GC invocations=32 (full 0):
 garbage-first heap   total 96256K, used 55081K [0x00000000c0000000, 0x0000000100000000)
  region size 1024K, 1 young (1024K), 1 survivors (1024K)
 Metaspace       used 61922K, committed 63424K, reserved 278528K
  class space    used 8702K, committed 9472K, reserved 212992K
}
Event: 31.189 GC heap before
{Heap before GC invocations=33 (full 0):
 garbage-first heap   total 96256K, used 80681K [0x00000000c0000000, 0x0000000100000000)
  region size 1024K, 20 young (20480K), 1 survivors (1024K)
 Metaspace       used 63635K, committed 65216K, reserved 278528K
  class space    used 8871K, committed 9664K, reserved 212992K
}
Event: 31.196 GC heap after
{Heap after GC invocations=34 (full 0):
 garbage-first heap   total 96256K, used 62697K [0x00000000c0000000, 0x0000000100000000)
  region size 1024K, 3 young (3072K), 3 survivors (3072K)
 Metaspace       used 63635K, committed 65216K, reserved 278528K
  class space    used 8871K, committed 9664K, reserved 212992K
}
Event: 31.241 GC heap before
{Heap before GC invocations=34 (full 0):
 garbage-first heap   total 96256K, used 63721K [0x00000000c0000000, 0x0000000100000000)
  region size 1024K, 4 young (4096K), 3 survivors (3072K)
 Metaspace       used 63733K, committed 65280K, reserved 278528K
  class space    used 8882K, committed 9664K, reserved 212992K
}
Event: 31.248 GC heap after
{Heap after GC invocations=35 (full 0):
 garbage-first heap   total 96256K, used 62257K [0x00000000c0000000, 0x0000000100000000)
  region size 1024K, 1 young (1024K), 1 survivors (1024K)
 Metaspace       used 63733K, committed 65280K, reserved 278528K
  class space    used 8882K, committed 9664K, reserved 212992K
}
Event: 31.716 GC heap before
{Heap before GC invocations=35 (full 0):
 garbage-first heap   total 96256K, used 77617K [0x00000000c0000000, 0x0000000100000000)
  region size 1024K, 16 young (16384K), 1 survivors (1024K)
 Metaspace       used 65245K, committed 66752K, reserved 278528K
  class space    used 9037K, committed 9792K, reserved 212992K
}
Event: 31.720 GC heap after
{Heap after GC invocations=36 (full 0):
 garbage-first heap   total 96256K, used 62897K [0x00000000c0000000, 0x0000000100000000)
  region size 1024K, 1 young (1024K), 1 survivors (1024K)
 Metaspace       used 65245K, committed 66752K, reserved 278528K
  class space    used 9037K, committed 9792K, reserved 212992K
}
Event: 32.858 GC heap before
{Heap before GC invocations=37 (full 0):
 garbage-first heap   total 109568K, used 78257K [0x00000000c0000000, 0x0000000100000000)
  region size 1024K, 16 young (16384K), 1 survivors (1024K)
 Metaspace       used 67014K, committed 68608K, reserved 278528K
  class space    used 9168K, committed 9984K, reserved 212992K
}
Event: 32.872 GC heap after
{Heap after GC invocations=38 (full 0):
 garbage-first heap   total 109568K, used 63833K [0x00000000c0000000, 0x0000000100000000)
  region size 1024K, 2 young (2048K), 2 survivors (2048K)
 Metaspace       used 67014K, committed 68608K, reserved 278528K
  class space    used 9168K, committed 9984K, reserved 212992K
}
Event: 32.991 GC heap before
{Heap before GC invocations=38 (full 0):
 garbage-first heap   total 109568K, used 66905K [0x00000000c0000000, 0x0000000100000000)
  region size 1024K, 5 young (5120K), 2 survivors (2048K)
 Metaspace       used 67386K, committed 68928K, reserved 278528K
  class space    used 9188K, committed 9984K, reserved 212992K
}
Event: 33.003 GC heap after
{Heap after GC invocations=39 (full 0):
 garbage-first heap   total 109568K, used 63548K [0x00000000c0000000, 0x0000000100000000)
  region size 1024K, 1 young (1024K), 1 survivors (1024K)
 Metaspace       used 67386K, committed 68928K, reserved 278528K
  class space    used 9188K, committed 9984K, reserved 212992K
}
Event: 33.825 GC heap before
{Heap before GC invocations=39 (full 0):
 garbage-first heap   total 109568K, used 87100K [0x00000000c0000000, 0x0000000100000000)
  region size 1024K, 25 young (25600K), 1 survivors (1024K)
 Metaspace       used 70168K, committed 71936K, reserved 278528K
  class space    used 9526K, committed 10432K, reserved 212992K
}
Event: 33.831 GC heap after
{Heap after GC invocations=40 (full 0):
 garbage-first heap   total 109568K, used 64641K [0x00000000c0000000, 0x0000000100000000)
  region size 1024K, 2 young (2048K), 2 survivors (2048K)
 Metaspace       used 70168K, committed 71936K, reserved 278528K
  class space    used 9526K, committed 10432K, reserved 212992K
}
Event: 34.712 GC heap before
{Heap before GC invocations=41 (full 0):
 garbage-first heap   total 117760K, used 89217K [0x00000000c0000000, 0x0000000100000000)
  region size 1024K, 26 young (26624K), 2 survivors (2048K)
 Metaspace       used 73044K, committed 74944K, reserved 278528K
  class space    used 9902K, committed 10880K, reserved 212992K
}
Event: 34.721 GC heap after
{Heap after GC invocations=42 (full 0):
 garbage-first heap   total 117760K, used 65760K [0x00000000c0000000, 0x0000000100000000)
  region size 1024K, 3 young (3072K), 3 survivors (3072K)
 Metaspace       used 73044K, committed 74944K, reserved 278528K
  class space    used 9902K, committed 10880K, reserved 212992K
}
Event: 34.801 GC heap before
{Heap before GC invocations=42 (full 0):
 garbage-first heap   total 117760K, used 67808K [0x00000000c0000000, 0x0000000100000000)
  region size 1024K, 5 young (5120K), 3 survivors (3072K)
 Metaspace       used 73286K, committed 75200K, reserved 278528K
  class space    used 9932K, committed 10944K, reserved 212992K
}
Event: 34.812 GC heap after
{Heap after GC invocations=43 (full 0):
 garbage-first heap   total 117760K, used 65584K [0x00000000c0000000, 0x0000000100000000)
  region size 1024K, 1 young (1024K), 1 survivors (1024K)
 Metaspace       used 73286K, committed 75200K, reserved 278528K
  class space    used 9932K, committed 10944K, reserved 212992K
}
Event: 36.264 GC heap before
{Heap before GC invocations=43 (full 0):
 garbage-first heap   total 117760K, used 95280K [0x00000000c0000000, 0x0000000100000000)
  region size 1024K, 31 young (31744K), 1 survivors (1024K)
 Metaspace       used 77199K, committed 79104K, reserved 344064K
  class space    used 10429K, committed 11392K, reserved 212992K
}

