# JRE version: Java(TM) SE Runtime Environment (17.0.12+8) (build 17.0.12+8-LTS-286)
# Java VM: Java HotSpot(TM) 64-Bit Server VM (17.0.12+8-LTS-286, mixed mode, sharing, tiered, compressed oops, compressed class ptrs, g1 gc, windows-amd64)
GC Precious Log:
 CPUs: 2 total, 2 available
 Memory: 3918M
 Large Page Support: Disabled
 NUMA Support: Disabled
 Compressed Oops: Enabled (Zero based)
 Heap Region Size: 4M
 Heap Min Capacity: 1G
 Heap Initial Capacity: 1G
 Heap Max Capacity: 8G
 Pre-touch: Disabled
 Parallel Workers: 2
 Concurrent Workers: 1
 Concurrent Refinement Workers: 2
 Periodic GC: Disabled
Heap:
 garbage-first heap   total 1048576K, used 174670K [0x0000000600000000, 0x0000000800000000)
  region size 4096K, 3 young (12288K), 3 survivors (12288K)
 Metaspace       used 108549K, committed 109888K, reserved 1179648K
  class space    used 15028K, committed 15616K, reserved 1048576K
GC Heap History (20 events):
Event: 31.446 GC heap after
{Heap after GC invocations=11 (full 0):
 garbage-first heap   total 1048576K, used 52647K [0x0000000600000000, 0x0000000800000000)
  region size 4096K, 5 young (20480K), 5 survivors (20480K)
 Metaspace       used 57783K, committed 58496K, reserved 1114112K
  class space    used 8087K, committed 8384K, reserved 1048576K
}
Event: 32.095 GC heap before
{Heap before GC invocations=11 (full 0):
 garbage-first heap   total 1048576K, used 77223K [0x0000000600000000, 0x0000000800000000)
  region size 4096K, 12 young (49152K), 5 survivors (20480K)
 Metaspace       used 59736K, committed 60416K, reserved 1114112K
  class space    used 8383K, committed 8704K, reserved 1048576K
}
Event: 32.147 GC heap after
{Heap after GC invocations=12 (full 0):
 garbage-first heap   total 1048576K, used 55430K [0x0000000600000000, 0x0000000800000000)
  region size 4096K, 4 young (16384K), 4 survivors (16384K)
 Metaspace       used 59736K, committed 60416K, reserved 1114112K
  class space    used 8383K, committed 8704K, reserved 1048576K
}
Event: 51.049 GC heap before
{Heap before GC invocations=13 (full 0):
 garbage-first heap   total 1048576K, used 415878K [0x0000000600000000, 0x0000000800000000)
  region size 4096K, 91 young (372736K), 4 survivors (16384K)
 Metaspace       used 73693K, committed 74560K, reserved 1114112K
  class space    used 10386K, committed 10816K, reserved 1048576K
}
Event: 51.168 GC heap after
{Heap after GC invocations=14 (full 0):
 garbage-first heap   total 1048576K, used 77923K [0x0000000600000000, 0x0000000800000000)
  region size 4096K, 9 young (36864K), 9 survivors (36864K)
 Metaspace       used 73693K, committed 74560K, reserved 1114112K
  class space    used 10386K, committed 10816K, reserved 1048576K
}
Event: 60.600 GC heap before
{Heap before GC invocations=14 (full 0):
 garbage-first heap   total 1048576K, used 274531K [0x0000000600000000, 0x0000000800000000)
  region size 4096K, 57 young (233472K), 9 survivors (36864K)
 Metaspace       used 81396K, committed 82368K, reserved 1179648K
  class space    used 11215K, committed 11648K, reserved 1048576K
}
Event: 60.853 GC heap after
{Heap after GC invocations=15 (full 0):
 garbage-first heap   total 1048576K, used 95484K [0x0000000600000000, 0x0000000800000000)
  region size 4096K, 5 young (20480K), 5 survivors (20480K)
 Metaspace       used 81396K, committed 82368K, reserved 1179648K
  class space    used 11215K, committed 11648K, reserved 1048576K
}
Event: 67.014 GC heap before
{Heap before GC invocations=15 (full 0):
 garbage-first heap   total 1048576K, used 255228K [0x0000000600000000, 0x0000000800000000)
  region size 4096K, 45 young (184320K), 5 survivors (20480K)
 Metaspace       used 90824K, committed 91776K, reserved 1179648K
  class space    used 12488K, committed 12928K, reserved 1048576K
}
Event: 67.073 GC heap after
{Heap after GC invocations=16 (full 0):
 garbage-first heap   total 1048576K, used 104302K [0x0000000600000000, 0x0000000800000000)
  region size 4096K, 3 young (12288K), 3 survivors (12288K)
 Metaspace       used 90824K, committed 91776K, reserved 1179648K
  class space    used 12488K, committed 12928K, reserved 1048576K
}
Event: 72.921 GC heap before
{Heap before GC invocations=16 (full 0):
 garbage-first heap   total 1048576K, used 272238K [0x0000000600000000, 0x0000000800000000)
  region size 4096K, 45 young (184320K), 3 survivors (12288K)
 Metaspace       used 99997K, committed 100928K, reserved 1179648K
  class space    used 13834K, committed 14272K, reserved 1048576K
}
Event: 72.969 GC heap after
{Heap after GC invocations=17 (full 0):
 garbage-first heap   total 1048576K, used 111661K [0x0000000600000000, 0x0000000800000000)
  region size 4096K, 5 young (20480K), 5 survivors (20480K)
 Metaspace       used 99997K, committed 100928K, reserved 1179648K
  class space    used 13834K, committed 14272K, reserved 1048576K
}
Event: 84.349 GC heap before
{Heap before GC invocations=18 (full 0):
 garbage-first heap   total 1048576K, used 369709K [0x0000000600000000, 0x0000000800000000)
  region size 4096K, 68 young (278528K), 5 survivors (20480K)
 Metaspace       used 104843K, committed 105984K, reserved 1179648K
  class space    used 14595K, committed 15168K, reserved 1048576K
}
Event: 84.514 GC heap after
{Heap after GC invocations=19 (full 0):
 garbage-first heap   total 1048576K, used 128322K [0x0000000600000000, 0x0000000800000000)
  region size 4096K, 9 young (36864K), 9 survivors (36864K)
 Metaspace       used 104843K, committed 105984K, reserved 1179648K
  class space    used 14595K, committed 15168K, reserved 1048576K
}
Event: 88.401 GC heap before
{Heap before GC invocations=19 (full 0):
 garbage-first heap   total 1048576K, used 234818K [0x0000000600000000, 0x0000000800000000)
  region size 4096K, 35 young (143360K), 9 survivors (36864K)
 Metaspace       used 105300K, committed 106496K, reserved 1179648K
  class space    used 14636K, committed 15232K, reserved 1048576K
}
Event: 88.538 GC heap after
{Heap after GC invocations=20 (full 0):
 garbage-first heap   total 1048576K, used 140950K [0x0000000600000000, 0x0000000800000000)
  region size 4096K, 4 young (16384K), 4 survivors (16384K)
 Metaspace       used 105300K, committed 106496K, reserved 1179648K
  class space    used 14636K, committed 15232K, reserved 1048576K
}
Event: 101.387 GC heap before
{Heap before GC invocations=20 (full 0):
 garbage-first heap   total 1048576K, used 444054K [0x0000000600000000, 0x0000000800000000)
  region size 4096K, 78 young (319488K), 4 survivors (16384K)
 Metaspace       used 108345K, committed 109632K, reserved 1179648K
  class space    used 15000K, committed 15552K, reserved 1048576K
}
Event: 101.671 GC heap after
{Heap after GC invocations=21 (full 0):
 garbage-first heap   total 1048576K, used 164779K [0x0000000600000000, 0x0000000800000000)
  region size 4096K, 10 young (40960K), 10 survivors (40960K)
 Metaspace       used 108345K, committed 109632K, reserved 1179648K
  class space    used 15000K, committed 15552K, reserved 1048576K
}
Event: 102.167 GC heap before
{Heap before GC invocations=21 (full 0):
 garbage-first heap   total 1048576K, used 172971K [0x0000000600000000, 0x0000000800000000)
  region size 4096K, 12 young (49152K), 10 survivors (40960K)
 Metaspace       used 108345K, committed 109632K, reserved 1179648K
  class space    used 15000K, committed 15552K, reserved 1048576K
}
Event: 102.333 GC heap after
{Heap after GC invocations=22 (full 0):
 garbage-first heap   total 1048576K, used 168526K [0x0000000600000000, 0x0000000800000000)
  region size 4096K, 2 young (8192K), 2 survivors (8192K)
 Metaspace       used 108345K, committed 109632K, reserved 1179648K
  class space    used 15000K, committed 15552K, reserved 1048576K
}
Event: 109.326 GC heap before
{Heap before GC invocations=22 (full 0):
 garbage-first heap   total 1048576K, used 324174K [0x0000000600000000, 0x0000000800000000)
  region size 4096K, 41 young (167936K), 2 survivors (8192K)
 Metaspace       used 108549K, committed 109888K, reserved 1179648K
  class space    used 15028K, committed 15616K, reserved 1048576K
}

