# JRE version: Java(TM) SE Runtime Environment (17.0.12+8) (build 17.0.12+8-LTS-286)
# Java VM: Java HotSpot(TM) 64-Bit Server VM (17.0.12+8-LTS-286, mixed mode, sharing, tiered, compressed oops, compressed class ptrs, g1 gc, windows-amd64)
GC Precious Log:
 CPUs: 2 total, 2 available
 Memory: 3918M
 Large Page Support: Disabled
 NUMA Support: Disabled
 Compressed Oops: Enabled (Zero based)
 Heap Region Size: 4M
 Heap Min Capacity: 1G
 Heap Initial Capacity: 1G
 Heap Max Capacity: 8G
 Pre-touch: Disabled
 Parallel Workers: 2
 Concurrent Workers: 1
 Concurrent Refinement Workers: 2
 Periodic GC: Disabled
Heap:
 garbage-first heap   total 1261568K, used 602112K [0x0000000600000000, 0x0000000800000000)
  region size 4096K, 2 young (8192K), 2 survivors (8192K)
 Metaspace       used 184873K, committed 187392K, reserved 1245184K
  class space    used 23736K, committed 24896K, reserved 1048576K
GC Heap History (20 events):
Event: 4405.088 GC heap after
{Heap after GC invocations=99 (full 0):
 garbage-first heap   total 1261568K, used 448203K [0x0000000600000000, 0x0000000800000000)
  region size 4096K, 3 young (12288K), 3 survivors (12288K)
 Metaspace       used 182304K, committed 184832K, reserved 1245184K
  class space    used 23430K, committed 24576K, reserved 1048576K
}
Event: 4434.557 GC heap before
{Heap before GC invocations=99 (full 0):
 garbage-first heap   total 1261568K, used 812747K [0x0000000600000000, 0x0000000800000000)
  region size 4096K, 92 young (376832K), 3 survivors (12288K)
 Metaspace       used 182776K, committed 185280K, reserved 1245184K
  class space    used 23489K, committed 24640K, reserved 1048576K
}
Event: 4434.928 GC heap after
{Heap after GC invocations=100 (full 0):
 garbage-first heap   total 1261568K, used 445459K [0x0000000600000000, 0x0000000800000000)
  region size 4096K, 2 young (8192K), 2 survivors (8192K)
 Metaspace       used 182776K, committed 185280K, reserved 1245184K
  class space    used 23489K, committed 24640K, reserved 1048576K
}
Event: 4441.566 GC heap before
{Heap before GC invocations=100 (full 0):
 garbage-first heap   total 1261568K, used 527379K [0x0000000600000000, 0x0000000800000000)
  region size 4096K, 23 young (94208K), 2 survivors (8192K)
 Metaspace       used 182803K, committed 185280K, reserved 1245184K
  class space    used 23490K, committed 24640K, reserved 1048576K
}
Event: 4441.734 GC heap after
{Heap after GC invocations=101 (full 0):
 garbage-first heap   total 1261568K, used 452518K [0x0000000600000000, 0x0000000800000000)
  region size 4096K, 3 young (12288K), 3 survivors (12288K)
 Metaspace       used 182803K, committed 185280K, reserved 1245184K
  class space    used 23490K, committed 24640K, reserved 1048576K
}
Event: 4445.994 GC heap before
{Heap before GC invocations=101 (full 0):
 garbage-first heap   total 1261568K, used 497574K [0x0000000600000000, 0x0000000800000000)
  region size 4096K, 15 young (61440K), 3 survivors (12288K)
 Metaspace       used 182829K, committed 185344K, reserved 1245184K
  class space    used 23490K, committed 24640K, reserved 1048576K
}
Event: 4446.047 GC heap after
{Heap after GC invocations=102 (full 0):
 garbage-first heap   total 1261568K, used 453150K [0x0000000600000000, 0x0000000800000000)
  region size 4096K, 1 young (4096K), 1 survivors (4096K)
 Metaspace       used 182829K, committed 185344K, reserved 1245184K
  class space    used 23490K, committed 24640K, reserved 1048576K
}
Event: 4465.713 GC heap before
{Heap before GC invocations=102 (full 0):
 garbage-first heap   total 1261568K, used 567838K [0x0000000600000000, 0x0000000800000000)
  region size 4096K, 30 young (122880K), 1 survivors (4096K)
 Metaspace       used 183092K, committed 185600K, reserved 1245184K
  class space    used 23516K, committed 24640K, reserved 1048576K
}
Event: 4465.816 GC heap after
{Heap after GC invocations=103 (full 0):
 garbage-first heap   total 1261568K, used 454610K [0x0000000600000000, 0x0000000800000000)
  region size 4096K, 2 young (8192K), 2 survivors (8192K)
 Metaspace       used 183092K, committed 185600K, reserved 1245184K
  class space    used 23516K, committed 24640K, reserved 1048576K
}
Event: 4475.078 GC heap before
{Heap before GC invocations=103 (full 0):
 garbage-first heap   total 1261568K, used 557010K [0x0000000600000000, 0x0000000800000000)
  region size 4096K, 28 young (114688K), 2 survivors (8192K)
 Metaspace       used 183981K, committed 186496K, reserved 1245184K
  class space    used 23632K, committed 24768K, reserved 1048576K
}
Event: 4475.137 GC heap after
{Heap after GC invocations=104 (full 0):
 garbage-first heap   total 1261568K, used 461118K [0x0000000600000000, 0x0000000800000000)
  region size 4096K, 3 young (12288K), 3 survivors (12288K)
 Metaspace       used 183981K, committed 186496K, reserved 1245184K
  class space    used 23632K, committed 24768K, reserved 1048576K
}
Event: 4482.716 GC heap before
{Heap before GC invocations=104 (full 0):
 garbage-first heap   total 1261568K, used 543038K [0x0000000600000000, 0x0000000800000000)
  region size 4096K, 22 young (90112K), 3 survivors (12288K)
 Metaspace       used 184025K, committed 186560K, reserved 1245184K
  class space    used 23638K, committed 24768K, reserved 1048576K
}
Event: 4482.881 GC heap after
{Heap after GC invocations=105 (full 0):
 garbage-first heap   total 1261568K, used 480824K [0x0000000600000000, 0x0000000800000000)
  region size 4096K, 3 young (12288K), 3 survivors (12288K)
 Metaspace       used 184025K, committed 186560K, reserved 1245184K
  class space    used 23638K, committed 24768K, reserved 1048576K
}
Event: 4485.838 GC heap before
{Heap before GC invocations=105 (full 0):
 garbage-first heap   total 1261568K, used 591416K [0x0000000600000000, 0x0000000800000000)
  region size 4096K, 21 young (86016K), 3 survivors (12288K)
 Metaspace       used 184508K, committed 187008K, reserved 1245184K
  class space    used 23709K, committed 24832K, reserved 1048576K
}
Event: 4485.966 GC heap after
{Heap after GC invocations=106 (full 0):
 garbage-first heap   total 1261568K, used 535377K [0x0000000600000000, 0x0000000800000000)
  region size 4096K, 3 young (12288K), 3 survivors (12288K)
 Metaspace       used 184508K, committed 187008K, reserved 1245184K
  class space    used 23709K, committed 24832K, reserved 1048576K
}
Event: 4488.964 GC heap before
{Heap before GC invocations=106 (full 0):
 garbage-first heap   total 1261568K, used 580433K [0x0000000600000000, 0x0000000800000000)
  region size 4096K, 15 young (61440K), 3 survivors (12288K)
 Metaspace       used 184518K, committed 187008K, reserved 1245184K
  class space    used 23709K, committed 24832K, reserved 1048576K
}
Event: 4489.087 GC heap after
{Heap after GC invocations=107 (full 0):
 garbage-first heap   total 1261568K, used 554180K [0x0000000600000000, 0x0000000800000000)
  region size 4096K, 2 young (8192K), 2 survivors (8192K)
 Metaspace       used 184518K, committed 187008K, reserved 1245184K
  class space    used 23709K, committed 24832K, reserved 1048576K
}
Event: 4490.153 GC heap before
{Heap before GC invocations=107 (full 0):
 garbage-first heap   total 1261568K, used 607428K [0x0000000600000000, 0x0000000800000000)
  region size 4096K, 15 young (61440K), 2 survivors (8192K)
 Metaspace       used 184531K, committed 187008K, reserved 1245184K
  class space    used 23709K, committed 24832K, reserved 1048576K
}
Event: 4490.386 GC heap after
{Heap after GC invocations=108 (full 0):
 garbage-first heap   total 1261568K, used 576802K [0x0000000600000000, 0x0000000800000000)
  region size 4096K, 2 young (8192K), 2 survivors (8192K)
 Metaspace       used 184531K, committed 187008K, reserved 1245184K
  class space    used 23709K, committed 24832K, reserved 1048576K
}
Event: 4495.205 GC heap before
{Heap before GC invocations=108 (full 0):
 garbage-first heap   total 1261568K, used 625954K [0x0000000600000000, 0x0000000800000000)
  region size 4096K, 15 young (61440K), 2 survivors (8192K)
 Metaspace       used 184873K, committed 187392K, reserved 1245184K
  class space    used 23736K, committed 24896K, reserved 1048576K
}

