# JRE version: Java(TM) SE Runtime Environment (17.0.12+8) (build 17.0.12+8-LTS-286)
# Java VM: Java HotSpot(TM) 64-Bit Server VM (17.0.12+8-LTS-286, mixed mode, sharing, tiered, compressed oops, compressed class ptrs, g1 gc, windows-amd64)
GC Precious Log:
 CPUs: 2 total, 2 available
 Memory: 3918M
 Large Page Support: Disabled
 NUMA Support: Disabled
 Compressed Oops: Enabled (Zero based)
 Heap Region Size: 4M
 Heap Min Capacity: 1G
 Heap Initial Capacity: 1G
 Heap Max Capacity: 8G
 Pre-touch: Disabled
 Parallel Workers: 2
 Concurrent Workers: 1
 Concurrent Refinement Workers: 2
 Periodic GC: Disabled
Heap:
 garbage-first heap   total 1757184K, used 640705K [0x0000000600000000, 0x0000000800000000)
  region size 4096K, 3 young (12288K), 3 survivors (12288K)
 Metaspace       used 175274K, committed 177472K, reserved 1245184K
  class space    used 22667K, committed 23680K, reserved 1048576K
GC Heap History (20 events):
Event: 1173.540 GC heap after
{Heap after GC invocations=65 (full 0):
 garbage-first heap   total 1298432K, used 382517K [0x0000000600000000, 0x0000000800000000)
  region size 4096K, 1 young (4096K), 1 survivors (4096K)
 Metaspace       used 172622K, committed 174720K, reserved 1245184K
  class space    used 22362K, committed 23360K, reserved 1048576K
}
Event: 1209.110 GC heap before
{Heap before GC invocations=65 (full 0):
 garbage-first heap   total 1298432K, used 796213K [0x0000000600000000, 0x0000000800000000)
  region size 4096K, 103 young (421888K), 1 survivors (4096K)
 Metaspace       used 173824K, committed 175936K, reserved 1245184K
  class space    used 22501K, committed 23488K, reserved 1048576K
}
Event: 1209.500 GC heap after
{Heap after GC invocations=66 (full 0):
 garbage-first heap   total 1298432K, used 396414K [0x0000000600000000, 0x0000000800000000)
  region size 4096K, 5 young (20480K), 5 survivors (20480K)
 Metaspace       used 173824K, committed 175936K, reserved 1245184K
  class space    used 22501K, committed 23488K, reserved 1048576K
}
Event: 1213.502 GC heap before
{Heap before GC invocations=66 (full 0):
 garbage-first heap   total 1298432K, used 437374K [0x0000000600000000, 0x0000000800000000)
  region size 4096K, 15 young (61440K), 5 survivors (20480K)
 Metaspace       used 173831K, committed 175936K, reserved 1245184K
  class space    used 22501K, committed 23488K, reserved 1048576K
}
Event: 1213.661 GC heap after
{Heap after GC invocations=67 (full 0):
 garbage-first heap   total 1298432K, used 401781K [0x0000000600000000, 0x0000000800000000)
  region size 4096K, 2 young (8192K), 2 survivors (8192K)
 Metaspace       used 173831K, committed 175936K, reserved 1245184K
  class space    used 22501K, committed 23488K, reserved 1048576K
}
Event: 1219.614 GC heap before
{Heap before GC invocations=67 (full 0):
 garbage-first heap   total 1298432K, used 565621K [0x0000000600000000, 0x0000000800000000)
  region size 4096K, 31 young (126976K), 2 survivors (8192K)
 Metaspace       used 174599K, committed 176704K, reserved 1245184K
  class space    used 22616K, committed 23616K, reserved 1048576K
}
Event: 1219.761 GC heap after
{Heap after GC invocations=68 (full 0):
 garbage-first heap   total 1298432K, used 473867K [0x0000000600000000, 0x0000000800000000)
  region size 4096K, 4 young (16384K), 4 survivors (16384K)
 Metaspace       used 174599K, committed 176704K, reserved 1245184K
  class space    used 22616K, committed 23616K, reserved 1048576K
}
Event: 1221.859 GC heap before
{Heap before GC invocations=68 (full 0):
 garbage-first heap   total 1298432K, used 514827K [0x0000000600000000, 0x0000000800000000)
  region size 4096K, 15 young (61440K), 4 survivors (16384K)
 Metaspace       used 174642K, committed 176832K, reserved 1245184K
  class space    used 22618K, committed 23616K, reserved 1048576K
}
Event: 1221.954 GC heap after
{Heap after GC invocations=69 (full 0):
 garbage-first heap   total 1298432K, used 484349K [0x0000000600000000, 0x0000000800000000)
  region size 4096K, 2 young (8192K), 2 survivors (8192K)
 Metaspace       used 174642K, committed 176832K, reserved 1245184K
  class space    used 22618K, committed 23616K, reserved 1048576K
}
Event: 1224.768 GC heap before
{Heap before GC invocations=69 (full 0):
 garbage-first heap   total 1298432K, used 549885K [0x0000000600000000, 0x0000000800000000)
  region size 4096K, 19 young (77824K), 2 survivors (8192K)
 Metaspace       used 174657K, committed 176832K, reserved 1245184K
  class space    used 22618K, committed 23616K, reserved 1048576K
}
Event: 1224.913 GC heap after
{Heap after GC invocations=70 (full 0):
 garbage-first heap   total 1298432K, used 496451K [0x0000000600000000, 0x0000000800000000)
  region size 4096K, 3 young (12288K), 3 survivors (12288K)
 Metaspace       used 174657K, committed 176832K, reserved 1245184K
  class space    used 22618K, committed 23616K, reserved 1048576K
}
Event: 1226.805 GC heap before
{Heap before GC invocations=70 (full 0):
 garbage-first heap   total 1298432K, used 541507K [0x0000000600000000, 0x0000000800000000)
  region size 4096K, 15 young (61440K), 3 survivors (12288K)
 Metaspace       used 174699K, committed 176832K, reserved 1245184K
  class space    used 22624K, committed 23616K, reserved 1048576K
}
Event: 1226.973 GC heap after
{Heap after GC invocations=71 (full 0):
 garbage-first heap   total 1560576K, used 515777K [0x0000000600000000, 0x0000000800000000)
  region size 4096K, 2 young (8192K), 2 survivors (8192K)
 Metaspace       used 174699K, committed 176832K, reserved 1245184K
  class space    used 22624K, committed 23616K, reserved 1048576K
}
Event: 1234.952 GC heap before
{Heap before GC invocations=71 (full 0):
 garbage-first heap   total 1560576K, used 585409K [0x0000000600000000, 0x0000000800000000)
  region size 4096K, 19 young (77824K), 2 survivors (8192K)
 Metaspace       used 175056K, committed 177216K, reserved 1245184K
  class space    used 22654K, committed 23680K, reserved 1048576K
}
Event: 1235.374 GC heap after
{Heap after GC invocations=72 (full 0):
 garbage-first heap   total 1560576K, used 552040K [0x0000000600000000, 0x0000000800000000)
  region size 4096K, 3 young (12288K), 3 survivors (12288K)
 Metaspace       used 175056K, committed 177216K, reserved 1245184K
  class space    used 22654K, committed 23680K, reserved 1048576K
}
Event: 1238.695 GC heap before
{Heap before GC invocations=72 (full 0):
 garbage-first heap   total 1560576K, used 617576K [0x0000000600000000, 0x0000000800000000)
  region size 4096K, 19 young (77824K), 3 survivors (12288K)
 Metaspace       used 175063K, committed 177216K, reserved 1245184K
  class space    used 22654K, committed 23680K, reserved 1048576K
}
Event: 1239.076 GC heap after
{Heap after GC invocations=73 (full 0):
 garbage-first heap   total 1560576K, used 587457K [0x0000000600000000, 0x0000000800000000)
  region size 4096K, 3 young (12288K), 3 survivors (12288K)
 Metaspace       used 175063K, committed 177216K, reserved 1245184K
  class space    used 22654K, committed 23680K, reserved 1048576K
}
Event: 1241.542 GC heap before
{Heap before GC invocations=73 (full 0):
 garbage-first heap   total 1560576K, used 652993K [0x0000000600000000, 0x0000000800000000)
  region size 4096K, 19 young (77824K), 3 survivors (12288K)
 Metaspace       used 175071K, committed 177280K, reserved 1245184K
  class space    used 22654K, committed 23680K, reserved 1048576K
}
Event: 1241.878 GC heap after
{Heap after GC invocations=74 (full 0):
 garbage-first heap   total 1560576K, used 624321K [0x0000000600000000, 0x0000000800000000)
  region size 4096K, 3 young (12288K), 3 survivors (12288K)
 Metaspace       used 175071K, committed 177280K, reserved 1245184K
  class space    used 22654K, committed 23680K, reserved 1048576K
}
Event: 1245.246 GC heap before
{Heap before GC invocations=74 (full 0):
 garbage-first heap   total 1560576K, used 685761K [0x0000000600000000, 0x0000000800000000)
  region size 4096K, 19 young (77824K), 3 survivors (12288K)
 Metaspace       used 175274K, committed 177472K, reserved 1245184K
  class space    used 22667K, committed 23680K, reserved 1048576K
}

