# JRE version: Java(TM) SE Runtime Environment (17.0.12+8) (build 17.0.12+8-LTS-286)
# Java VM: Java HotSpot(TM) 64-Bit Server VM (17.0.12+8-LTS-286, mixed mode, sharing, tiered, compressed oops, compressed class ptrs, g1 gc, windows-amd64)
GC Precious Log:
 CPUs: 2 total, 2 available
 Memory: 3918M
 Large Page Support: Disabled
 NUMA Support: Disabled
 Compressed Oops: Enabled (Zero based)
 Heap Region Size: 2M
 Heap Min Capacity: 8M
 Heap Initial Capacity: 62M
 Heap Max Capacity: 4G
 Pre-touch: Disabled
 Parallel Workers: 2
 Concurrent Workers: 1
 Concurrent Refinement Workers: 2
 Periodic GC: Disabled
Heap:
 garbage-first heap   total 972800K, used 436031K [0x0000000700000000, 0x0000000800000000)
  region size 2048K, 36 young (73728K), 3 survivors (6144K)
 Metaspace       used 181245K, committed 183360K, reserved 622592K
  class space    used 23170K, committed 24128K, reserved 425984K
GC Heap History (20 events):
Event: 1960.969 GC heap before
{Heap before GC invocations=177 (full 0):
 garbage-first heap   total 573440K, used 521428K [0x0000000700000000, 0x0000000800000000)
  region size 2048K, 14 young (28672K), 2 survivors (4096K)
 Metaspace       used 168372K, committed 170560K, reserved 622592K
  class space    used 21217K, committed 22208K, reserved 425984K
}
Event: 1961.027 GC heap after
{Heap after GC invocations=178 (full 0):
 garbage-first heap   total 573440K, used 500641K [0x0000000700000000, 0x0000000800000000)
  region size 2048K, 1 young (2048K), 1 survivors (2048K)
 Metaspace       used 168372K, committed 170560K, reserved 622592K
  class space    used 21217K, committed 22208K, reserved 425984K
}
Event: 1962.576 GC heap before
{Heap before GC invocations=178 (full 0):
 garbage-first heap   total 573440K, used 527265K [0x0000000700000000, 0x0000000800000000)
  region size 2048K, 14 young (28672K), 1 survivors (2048K)
 Metaspace       used 168374K, committed 170560K, reserved 622592K
  class space    used 21218K, committed 22208K, reserved 425984K
}
Event: 1962.587 GC heap after
{Heap after GC invocations=179 (full 0):
 garbage-first heap   total 573440K, used 501137K [0x0000000700000000, 0x0000000800000000)
  region size 2048K, 2 young (4096K), 2 survivors (4096K)
 Metaspace       used 168374K, committed 170560K, reserved 622592K
  class space    used 21218K, committed 22208K, reserved 425984K
}
Event: 1969.226 GC heap before
{Heap before GC invocations=180 (full 0):
 garbage-first heap   total 837632K, used 503185K [0x0000000700000000, 0x0000000800000000)
  region size 2048K, 14 young (28672K), 2 survivors (4096K)
 Metaspace       used 165008K, committed 168192K, reserved 622592K
  class space    used 20978K, committed 22208K, reserved 425984K
}
Event: 1969.237 GC heap after
{Heap after GC invocations=181 (full 0):
 garbage-first heap   total 837632K, used 477367K [0x0000000700000000, 0x0000000800000000)
  region size 2048K, 1 young (2048K), 1 survivors (2048K)
 Metaspace       used 165008K, committed 168192K, reserved 622592K
  class space    used 20978K, committed 22208K, reserved 425984K
}
Event: 1973.832 GC heap before
{Heap before GC invocations=181 (full 0):
 garbage-first heap   total 837632K, used 516279K [0x0000000700000000, 0x0000000800000000)
  region size 2048K, 20 young (40960K), 1 survivors (2048K)
 Metaspace       used 165010K, committed 168192K, reserved 622592K
  class space    used 20978K, committed 22208K, reserved 425984K
}
Event: 1973.892 GC heap after
{Heap after GC invocations=182 (full 0):
 garbage-first heap   total 972800K, used 389178K [0x0000000700000000, 0x0000000800000000)
  region size 2048K, 1 young (2048K), 1 survivors (2048K)
 Metaspace       used 165010K, committed 168192K, reserved 622592K
  class space    used 20978K, committed 22208K, reserved 425984K
}
Event: 1979.284 GC heap before
{Heap before GC invocations=182 (full 0):
 garbage-first heap   total 972800K, used 432186K [0x0000000700000000, 0x0000000800000000)
  region size 2048K, 23 young (47104K), 1 survivors (2048K)
 Metaspace       used 165031K, committed 168192K, reserved 622592K
  class space    used 20981K, committed 22208K, reserved 425984K
}
Event: 1979.416 GC heap after
{Heap after GC invocations=183 (full 0):
 garbage-first heap   total 972800K, used 354149K [0x0000000700000000, 0x0000000800000000)
  region size 2048K, 1 young (2048K), 1 survivors (2048K)
 Metaspace       used 165031K, committed 168192K, reserved 622592K
  class space    used 20981K, committed 22208K, reserved 425984K
}
Event: 2048.172 GC heap before
{Heap before GC invocations=183 (full 0):
 garbage-first heap   total 972800K, used 546661K [0x0000000700000000, 0x0000000800000000)
  region size 2048K, 91 young (186368K), 1 survivors (2048K)
 Metaspace       used 170584K, committed 172736K, reserved 622592K
  class space    used 21735K, committed 22720K, reserved 425984K
}
Event: 2048.776 GC heap after
{Heap after GC invocations=184 (full 0):
 garbage-first heap   total 972800K, used 366791K [0x0000000700000000, 0x0000000800000000)
  region size 2048K, 7 young (14336K), 7 survivors (14336K)
 Metaspace       used 170584K, committed 172736K, reserved 622592K
  class space    used 21735K, committed 22720K, reserved 425984K
}
Event: 2054.910 GC heap before
{Heap before GC invocations=184 (full 0):
 garbage-first heap   total 972800K, used 397511K [0x0000000700000000, 0x0000000800000000)
  region size 2048K, 23 young (47104K), 7 survivors (14336K)
 Metaspace       used 173144K, committed 175296K, reserved 622592K
  class space    used 22097K, committed 23104K, reserved 425984K
}
Event: 2054.984 GC heap after
{Heap after GC invocations=185 (full 0):
 garbage-first heap   total 972800K, used 365590K [0x0000000700000000, 0x0000000800000000)
  region size 2048K, 2 young (4096K), 2 survivors (4096K)
 Metaspace       used 173144K, committed 175296K, reserved 622592K
  class space    used 22097K, committed 23104K, reserved 425984K
}
Event: 2064.083 GC heap before
{Heap before GC invocations=185 (full 0):
 garbage-first heap   total 972800K, used 424982K [0x0000000700000000, 0x0000000800000000)
  region size 2048K, 32 young (65536K), 2 survivors (4096K)
 Metaspace       used 177179K, committed 179264K, reserved 622592K
  class space    used 22723K, committed 23680K, reserved 425984K
}
Event: 2064.153 GC heap after
{Heap after GC invocations=186 (full 0):
 garbage-first heap   total 972800K, used 368512K [0x0000000700000000, 0x0000000800000000)
  region size 2048K, 3 young (6144K), 3 survivors (6144K)
 Metaspace       used 177179K, committed 179264K, reserved 622592K
  class space    used 22723K, committed 23680K, reserved 425984K
}
Event: 2077.084 GC heap before
{Heap before GC invocations=186 (full 0):
 garbage-first heap   total 972800K, used 436096K [0x0000000700000000, 0x0000000800000000)
  region size 2048K, 36 young (73728K), 3 survivors (6144K)
 Metaspace       used 180110K, committed 182208K, reserved 622592K
  class space    used 23020K, committed 24000K, reserved 425984K
}
Event: 2077.150 GC heap after
{Heap after GC invocations=187 (full 0):
 garbage-first heap   total 972800K, used 370495K [0x0000000700000000, 0x0000000800000000)
  region size 2048K, 3 young (6144K), 3 survivors (6144K)
 Metaspace       used 180110K, committed 182208K, reserved 622592K
  class space    used 23020K, committed 24000K, reserved 425984K
}
Event: 2083.794 GC heap before
{Heap before GC invocations=187 (full 0):
 garbage-first heap   total 972800K, used 456511K [0x0000000700000000, 0x0000000800000000)
  region size 2048K, 46 young (94208K), 3 survivors (6144K)
 Metaspace       used 180466K, committed 182592K, reserved 622592K
  class space    used 23034K, committed 24000K, reserved 425984K
}
Event: 2083.835 GC heap after
{Heap after GC invocations=188 (full 0):
 garbage-first heap   total 972800K, used 370495K [0x0000000700000000, 0x0000000800000000)
  region size 2048K, 3 young (6144K), 3 survivors (6144K)
 Metaspace       used 180466K, committed 182592K, reserved 622592K
  class space    used 23034K, committed 24000K, reserved 425984K
}

