# JRE version: Java(TM) SE Runtime Environment (17.0.12+8) (build 17.0.12+8-LTS-286)
# Java VM: Java HotSpot(TM) 64-Bit Server VM (17.0.12+8-LTS-286, mixed mode, sharing, tiered, compressed oops, compressed class ptrs, g1 gc, windows-amd64)
GC Precious Log:
 CPUs: 2 total, 2 available
 Memory: 3918M
 Large Page Support: Disabled
 NUMA Support: Disabled
 Compressed Oops: Enabled (32-bit)
 Heap Region Size: 1M
 Heap Min Capacity: 8M
 Heap Initial Capacity: 62M
 Heap Max Capacity: 1G
 Pre-touch: Disabled
 Parallel Workers: 2
 Concurrent Workers: 1
 Concurrent Refinement Workers: 2
 Periodic GC: Disabled
Heap:
 garbage-first heap   total 106496K, used 75594K [0x00000000c0000000, 0x0000000100000000)
  region size 1024K, 10 young (10240K), 3 survivors (3072K)
 Metaspace       used 68861K, committed 69760K, reserved 278528K
  class space    used 9742K, committed 10176K, reserved 212992K
GC Heap History (20 events):
Event: 36.889 GC heap before
{Heap before GC invocations=42 (full 0):
 garbage-first heap   total 96256K, used 77656K [0x00000000c0000000, 0x0000000100000000)
  region size 1024K, 23 young (23552K), 1 survivors (1024K)
 Metaspace       used 59504K, committed 60224K, reserved 278528K
  class space    used 8365K, committed 8704K, reserved 212992K
}
Event: 36.895 GC heap after
{Heap after GC invocations=43 (full 0):
 garbage-first heap   total 96256K, used 56490K [0x00000000c0000000, 0x0000000100000000)
  region size 1024K, 1 young (1024K), 1 survivors (1024K)
 Metaspace       used 59504K, committed 60224K, reserved 278528K
  class space    used 8365K, committed 8704K, reserved 212992K
}
Event: 41.086 GC heap before
{Heap before GC invocations=44 (full 0):
 garbage-first heap   total 97280K, used 79018K [0x00000000c0000000, 0x0000000100000000)
  region size 1024K, 23 young (23552K), 1 survivors (1024K)
 Metaspace       used 61490K, committed 62144K, reserved 278528K
  class space    used 8707K, committed 9024K, reserved 212992K
}
Event: 41.093 GC heap after
{Heap after GC invocations=45 (full 0):
 garbage-first heap   total 97280K, used 57271K [0x00000000c0000000, 0x0000000100000000)
  region size 1024K, 2 young (2048K), 2 survivors (2048K)
 Metaspace       used 61490K, committed 62144K, reserved 278528K
  class space    used 8707K, committed 9024K, reserved 212992K
}
Event: 41.199 GC heap before
{Heap before GC invocations=45 (full 0):
 garbage-first heap   total 97280K, used 59319K [0x00000000c0000000, 0x0000000100000000)
  region size 1024K, 4 young (4096K), 2 survivors (2048K)
 Metaspace       used 61627K, committed 62272K, reserved 278528K
  class space    used 8722K, committed 9024K, reserved 212992K
}
Event: 41.208 GC heap after
{Heap after GC invocations=46 (full 0):
 garbage-first heap   total 97280K, used 56904K [0x00000000c0000000, 0x0000000100000000)
  region size 1024K, 1 young (1024K), 1 survivors (1024K)
 Metaspace       used 61627K, committed 62272K, reserved 278528K
  class space    used 8722K, committed 9024K, reserved 212992K
}
Event: 45.134 GC heap before
{Heap before GC invocations=46 (full 0):
 garbage-first heap   total 97280K, used 82504K [0x00000000c0000000, 0x0000000100000000)
  region size 1024K, 24 young (24576K), 1 survivors (1024K)
 Metaspace       used 62922K, committed 63616K, reserved 278528K
  class space    used 8915K, committed 9216K, reserved 212992K
}
Event: 45.142 GC heap after
{Heap after GC invocations=47 (full 0):
 garbage-first heap   total 97280K, used 60780K [0x00000000c0000000, 0x0000000100000000)
  region size 1024K, 1 young (1024K), 1 survivors (1024K)
 Metaspace       used 62922K, committed 63616K, reserved 278528K
  class space    used 8915K, committed 9216K, reserved 212992K
}
Event: 46.770 GC heap before
{Heap before GC invocations=48 (full 0):
 garbage-first heap   total 106496K, used 80236K [0x00000000c0000000, 0x0000000100000000)
  region size 1024K, 21 young (21504K), 1 survivors (1024K)
 Metaspace       used 63767K, committed 64448K, reserved 278528K
  class space    used 9056K, committed 9344K, reserved 212992K
}
Event: 46.782 GC heap after
{Heap after GC invocations=49 (full 0):
 garbage-first heap   total 106496K, used 63290K [0x00000000c0000000, 0x0000000100000000)
  region size 1024K, 3 young (3072K), 3 survivors (3072K)
 Metaspace       used 63767K, committed 64448K, reserved 278528K
  class space    used 9056K, committed 9344K, reserved 212992K
}
Event: 46.835 GC heap before
{Heap before GC invocations=49 (full 0):
 garbage-first heap   total 106496K, used 65338K [0x00000000c0000000, 0x0000000100000000)
  region size 1024K, 5 young (5120K), 3 survivors (3072K)
 Metaspace       used 63767K, committed 64448K, reserved 278528K
  class space    used 9056K, committed 9344K, reserved 212992K
}
Event: 46.848 GC heap after
{Heap after GC invocations=50 (full 0):
 garbage-first heap   total 106496K, used 63134K [0x00000000c0000000, 0x0000000100000000)
  region size 1024K, 1 young (1024K), 1 survivors (1024K)
 Metaspace       used 63767K, committed 64448K, reserved 278528K
  class space    used 9056K, committed 9344K, reserved 212992K
}
Event: 48.083 GC heap before
{Heap before GC invocations=50 (full 0):
 garbage-first heap   total 106496K, used 87710K [0x00000000c0000000, 0x0000000100000000)
  region size 1024K, 25 young (25600K), 1 survivors (1024K)
 Metaspace       used 64693K, committed 65344K, reserved 278528K
  class space    used 9171K, committed 9472K, reserved 212992K
}
Event: 48.092 GC heap after
{Heap after GC invocations=51 (full 0):
 garbage-first heap   total 106496K, used 65182K [0x00000000c0000000, 0x0000000100000000)
  region size 1024K, 3 young (3072K), 3 survivors (3072K)
 Metaspace       used 64693K, committed 65344K, reserved 278528K
  class space    used 9171K, committed 9472K, reserved 212992K
}
Event: 49.291 GC heap before
{Heap before GC invocations=51 (full 0):
 garbage-first heap   total 106496K, used 87710K [0x00000000c0000000, 0x0000000100000000)
  region size 1024K, 25 young (25600K), 3 survivors (3072K)
 Metaspace       used 65218K, committed 65984K, reserved 278528K
  class space    used 9227K, committed 9600K, reserved 212992K
}
Event: 49.302 GC heap after
{Heap after GC invocations=52 (full 0):
 garbage-first heap   total 106496K, used 66422K [0x00000000c0000000, 0x0000000100000000)
  region size 1024K, 4 young (4096K), 4 survivors (4096K)
 Metaspace       used 65218K, committed 65984K, reserved 278528K
  class space    used 9227K, committed 9600K, reserved 212992K
}
Event: 50.492 GC heap before
{Heap before GC invocations=52 (full 0):
 garbage-first heap   total 106496K, used 84854K [0x00000000c0000000, 0x0000000100000000)
  region size 1024K, 23 young (23552K), 4 survivors (4096K)
 Metaspace       used 66886K, committed 67712K, reserved 278528K
  class space    used 9495K, committed 9920K, reserved 212992K
}
Event: 50.504 GC heap after
{Heap after GC invocations=53 (full 0):
 garbage-first heap   total 106496K, used 68059K [0x00000000c0000000, 0x0000000100000000)
  region size 1024K, 2 young (2048K), 2 survivors (2048K)
 Metaspace       used 66886K, committed 67712K, reserved 278528K
  class space    used 9495K, committed 9920K, reserved 212992K
}
Event: 51.259 GC heap before
{Heap before GC invocations=53 (full 0):
 garbage-first heap   total 106496K, used 87515K [0x00000000c0000000, 0x0000000100000000)
  region size 1024K, 21 young (21504K), 2 survivors (2048K)
 Metaspace       used 68131K, committed 68928K, reserved 278528K
  class space    used 9640K, committed 10048K, reserved 212992K
}
Event: 51.270 GC heap after
{Heap after GC invocations=54 (full 0):
 garbage-first heap   total 106496K, used 69450K [0x00000000c0000000, 0x0000000100000000)
  region size 1024K, 3 young (3072K), 3 survivors (3072K)
 Metaspace       used 68131K, committed 68928K, reserved 278528K
  class space    used 9640K, committed 10048K, reserved 212992K
}

