# JRE version: Java(TM) SE Runtime Environment (18.0.2.1+1) (build 18.0.2.1+1-1)
# Java VM: Java HotSpot(TM) 64-Bit Server VM (18.0.2.1+1-1, mixed mode, sharing, tiered, compressed oops, compressed class ptrs, g1 gc, windows-amd64)
GC Precious Log:
 CardTable entry size: 512
 Card Set container configuration: InlinePtr #cards 5 size 8 Array Of Cards #cards 12 size 40 Howl #buckets 4 coarsen threshold 1843 Howl Bitmap #cards 512 size 80 coarsen threshold 460 Card regions per heap region 1 cards per card region 2048
 CPUs: 2 total, 2 available
 Memory: 3918M
 Large Page Support: Disabled
 NUMA Support: Disabled
 Compressed Oops: Enabled (32-bit)
 Heap Region Size: 1M
 Heap Min Capacity: 8M
 Heap Initial Capacity: 62M
 Heap Max Capacity: 1G
 Pre-touch: Disabled
 Parallel Workers: 2
 Concurrent Workers: 1
 Concurrent Refinement Workers: 2
 Periodic GC: Disabled
Heap:
 garbage-first heap   total 119808K, used 68336K [0x00000000c0000000, 0x0000000100000000)
  region size 1024K, 2 young (2048K), 2 survivors (2048K)
 Metaspace       used 77426K, committed 79424K, reserved 344064K
  class space    used 10471K, committed 11520K, reserved 212992K
GC Heap History (20 events):
Event: 25.510 GC heap after
{Heap after GC invocations=25 (full 0):
 garbage-first heap   total 76800K, used 38600K [0x00000000c0000000, 0x0000000100000000)
  region size 1024K, 1 young (1024K), 1 survivors (1024K)
 Metaspace       used 52757K, committed 54272K, reserved 278528K
  class space    used 7612K, committed 8384K, reserved 212992K
}
Event: 26.101 GC heap before
{Heap before GC invocations=25 (full 0):
 garbage-first heap   total 76800K, used 61128K [0x00000000c0000000, 0x0000000100000000)
  region size 1024K, 25 young (25600K), 1 survivors (1024K)
 Metaspace       used 55854K, committed 57344K, reserved 278528K
  class space    used 8006K, committed 8768K, reserved 212992K
}
Event: 26.106 GC heap after
{Heap after GC invocations=26 (full 0):
 garbage-first heap   total 117760K, used 38715K [0x00000000c0000000, 0x0000000100000000)
  region size 1024K, 1 young (1024K), 1 survivors (1024K)
 Metaspace       used 55854K, committed 57344K, reserved 278528K
  class space    used 8006K, committed 8768K, reserved 212992K
}
Event: 27.808 GC heap before
{Heap before GC invocations=26 (full 0):
 garbage-first heap   total 117760K, used 99131K [0x00000000c0000000, 0x0000000100000000)
  region size 1024K, 48 young (49152K), 1 survivors (1024K)
 Metaspace       used 58818K, committed 60416K, reserved 278528K
  class space    used 8331K, committed 9088K, reserved 212992K
}
Event: 27.859 GC heap after
{Heap after GC invocations=27 (full 0):
 garbage-first heap   total 117760K, used 57164K [0x00000000c0000000, 0x0000000100000000)
  region size 1024K, 8 young (8192K), 8 survivors (8192K)
 Metaspace       used 58818K, committed 60416K, reserved 278528K
  class space    used 8331K, committed 9088K, reserved 212992K
}
Event: 29.006 GC heap before
{Heap before GC invocations=27 (full 0):
 garbage-first heap   total 117760K, used 90956K [0x00000000c0000000, 0x0000000100000000)
  region size 1024K, 40 young (40960K), 8 survivors (8192K)
 Metaspace       used 61922K, committed 63488K, reserved 278528K
  class space    used 8695K, committed 9536K, reserved 212992K
}
Event: 29.048 GC heap after
{Heap after GC invocations=28 (full 0):
 garbage-first heap   total 117760K, used 54497K [0x00000000c0000000, 0x0000000100000000)
  region size 1024K, 4 young (4096K), 4 survivors (4096K)
 Metaspace       used 61922K, committed 63488K, reserved 278528K
  class space    used 8695K, committed 9536K, reserved 212992K
}
Event: 29.480 GC heap before
{Heap before GC invocations=28 (full 0):
 garbage-first heap   total 117760K, used 63713K [0x00000000c0000000, 0x0000000100000000)
  region size 1024K, 14 young (14336K), 4 survivors (4096K)
 Metaspace       used 62987K, committed 64512K, reserved 278528K
  class space    used 8805K, committed 9600K, reserved 212992K
}
Event: 29.491 GC heap after
{Heap after GC invocations=29 (full 0):
 garbage-first heap   total 117760K, used 56179K [0x00000000c0000000, 0x0000000100000000)
  region size 1024K, 2 young (2048K), 2 survivors (2048K)
 Metaspace       used 62987K, committed 64512K, reserved 278528K
  class space    used 8805K, committed 9600K, reserved 212992K
}
Event: 30.907 GC heap before
{Heap before GC invocations=30 (full 0):
 garbage-first heap   total 117760K, used 97139K [0x00000000c0000000, 0x0000000100000000)
  region size 1024K, 36 young (36864K), 2 survivors (2048K)
 Metaspace       used 66033K, committed 67584K, reserved 278528K
  class space    used 9114K, committed 9920K, reserved 212992K
}
Event: 30.917 GC heap after
{Heap after GC invocations=31 (full 0):
 garbage-first heap   total 117760K, used 64620K [0x00000000c0000000, 0x0000000100000000)
  region size 1024K, 4 young (4096K), 4 survivors (4096K)
 Metaspace       used 66033K, committed 67584K, reserved 278528K
  class space    used 9114K, committed 9920K, reserved 212992K
}
Event: 30.969 GC heap before
{Heap before GC invocations=31 (full 0):
 garbage-first heap   total 117760K, used 65644K [0x00000000c0000000, 0x0000000100000000)
  region size 1024K, 5 young (5120K), 4 survivors (4096K)
 Metaspace       used 66163K, committed 67712K, reserved 278528K
  class space    used 9123K, committed 9920K, reserved 212992K
}
Event: 30.978 GC heap after
{Heap after GC invocations=32 (full 0):
 garbage-first heap   total 117760K, used 64662K [0x00000000c0000000, 0x0000000100000000)
  region size 1024K, 1 young (1024K), 1 survivors (1024K)
 Metaspace       used 66163K, committed 67712K, reserved 278528K
  class space    used 9123K, committed 9920K, reserved 212992K
}
Event: 32.121 GC heap before
{Heap before GC invocations=32 (full 0):
 garbage-first heap   total 117760K, used 93334K [0x00000000c0000000, 0x0000000100000000)
  region size 1024K, 30 young (30720K), 1 survivors (1024K)
 Metaspace       used 69671K, committed 71424K, reserved 278528K
  class space    used 9452K, committed 10368K, reserved 212992K
}
Event: 32.127 GC heap after
{Heap after GC invocations=33 (full 0):
 garbage-first heap   total 117760K, used 65709K [0x00000000c0000000, 0x0000000100000000)
  region size 1024K, 2 young (2048K), 2 survivors (2048K)
 Metaspace       used 69671K, committed 71424K, reserved 278528K
  class space    used 9452K, committed 10368K, reserved 212992K
}
Event: 33.181 GC heap before
{Heap before GC invocations=34 (full 0):
 garbage-first heap   total 119808K, used 95405K [0x00000000c0000000, 0x0000000100000000)
  region size 1024K, 31 young (31744K), 2 survivors (2048K)
 Metaspace       used 73100K, committed 75008K, reserved 278528K
  class space    used 9916K, committed 10944K, reserved 212992K
}
Event: 33.190 GC heap after
{Heap after GC invocations=35 (full 0):
 garbage-first heap   total 119808K, used 67079K [0x00000000c0000000, 0x0000000100000000)
  region size 1024K, 3 young (3072K), 3 survivors (3072K)
 Metaspace       used 73100K, committed 75008K, reserved 278528K
  class space    used 9916K, committed 10944K, reserved 212992K
}
Event: 33.254 GC heap before
{Heap before GC invocations=35 (full 0):
 garbage-first heap   total 119808K, used 69127K [0x00000000c0000000, 0x0000000100000000)
  region size 1024K, 5 young (5120K), 3 survivors (3072K)
 Metaspace       used 73363K, committed 75328K, reserved 278528K
  class space    used 9949K, committed 11008K, reserved 212992K
}
Event: 33.267 GC heap after
{Heap after GC invocations=36 (full 0):
 garbage-first heap   total 119808K, used 66809K [0x00000000c0000000, 0x0000000100000000)
  region size 1024K, 1 young (1024K), 1 survivors (1024K)
 Metaspace       used 73363K, committed 75328K, reserved 278528K
  class space    used 9949K, committed 11008K, reserved 212992K
}
Event: 34.552 GC heap before
{Heap before GC invocations=36 (full 0):
 garbage-first heap   total 119808K, used 97529K [0x00000000c0000000, 0x0000000100000000)
  region size 1024K, 32 young (32768K), 1 survivors (1024K)
 Metaspace       used 77426K, committed 79424K, reserved 344064K
  class space    used 10471K, committed 11520K, reserved 212992K
}

