# JRE version: Java(TM) SE Runtime Environment (17.0.12+8) (build 17.0.12+8-LTS-286)
# Java VM: Java HotSpot(TM) 64-Bit Server VM (17.0.12+8-LTS-286, mixed mode, sharing, tiered, compressed oops, compressed class ptrs, g1 gc, windows-amd64)
GC Precious Log:
 CPUs: 2 total, 2 available
 Memory: 3918M
 Large Page Support: Disabled
 NUMA Support: Disabled
 Compressed Oops: Enabled (32-bit)
 Heap Region Size: 1M
 Heap Min Capacity: 8M
 Heap Initial Capacity: 62M
 Heap Max Capacity: 2G
 Pre-touch: Disabled
 Parallel Workers: 2
 Concurrent Workers: 1
 Concurrent Refinement Workers: 2
 Periodic GC: Disabled
Heap:
 garbage-first heap   total 114688K, used 57458K [0x0000000080000000, 0x0000000100000000)
  region size 1024K, 2 young (2048K), 2 survivors (2048K)
 Metaspace       used 58147K, committed 58880K, reserved 491520K
  class space    used 8163K, committed 8512K, reserved 425984K
GC Heap History (20 events):
Event: 32.640 GC heap after
{Heap after GC invocations=24 (full 0):
 garbage-first heap   total 76800K, used 41053K [0x0000000080000000, 0x0000000100000000)
  region size 1024K, 3 young (3072K), 3 survivors (3072K)
 Metaspace       used 49944K, committed 50560K, reserved 491520K
  class space    used 7012K, committed 7296K, reserved 425984K
}
Event: 33.873 GC heap before
{Heap before GC invocations=25 (full 0):
 garbage-first heap   total 76800K, used 62557K [0x0000000080000000, 0x0000000100000000)
  region size 1024K, 24 young (24576K), 3 survivors (3072K)
 Metaspace       used 51928K, committed 52480K, reserved 491520K
  class space    used 7346K, committed 7616K, reserved 425984K
}
Event: 33.898 GC heap after
{Heap after GC invocations=26 (full 0):
 garbage-first heap   total 76800K, used 42184K [0x0000000080000000, 0x0000000100000000)
  region size 1024K, 2 young (2048K), 2 survivors (2048K)
 Metaspace       used 51928K, committed 52480K, reserved 491520K
  class space    used 7346K, committed 7616K, reserved 425984K
}
Event: 33.971 GC heap before
{Heap before GC invocations=26 (full 0):
 garbage-first heap   total 76800K, used 43208K [0x0000000080000000, 0x0000000100000000)
  region size 1024K, 3 young (3072K), 2 survivors (2048K)
 Metaspace       used 51973K, committed 52544K, reserved 491520K
  class space    used 7354K, committed 7616K, reserved 425984K
}
Event: 33.981 GC heap after
{Heap after GC invocations=27 (full 0):
 garbage-first heap   total 76800K, used 41967K [0x0000000080000000, 0x0000000100000000)
  region size 1024K, 1 young (1024K), 1 survivors (1024K)
 Metaspace       used 51973K, committed 52544K, reserved 491520K
  class space    used 7354K, committed 7616K, reserved 425984K
}
Event: 35.676 GC heap before
{Heap before GC invocations=27 (full 0):
 garbage-first heap   total 76800K, used 61423K [0x0000000080000000, 0x0000000100000000)
  region size 1024K, 21 young (21504K), 1 survivors (1024K)
 Metaspace       used 52889K, committed 53504K, reserved 491520K
  class space    used 7441K, committed 7680K, reserved 425984K
}
Event: 35.688 GC heap after
{Heap after GC invocations=28 (full 0):
 garbage-first heap   total 76800K, used 45896K [0x0000000080000000, 0x0000000100000000)
  region size 1024K, 3 young (3072K), 3 survivors (3072K)
 Metaspace       used 52889K, committed 53504K, reserved 491520K
  class space    used 7441K, committed 7680K, reserved 425984K
}
Event: 36.561 GC heap before
{Heap before GC invocations=29 (full 0):
 garbage-first heap   total 78848K, used 62280K [0x0000000080000000, 0x0000000100000000)
  region size 1024K, 19 young (19456K), 3 survivors (3072K)
 Metaspace       used 53418K, committed 53952K, reserved 491520K
  class space    used 7496K, committed 7744K, reserved 425984K
}
Event: 36.574 GC heap after
{Heap after GC invocations=30 (full 0):
 garbage-first heap   total 78848K, used 47601K [0x0000000080000000, 0x0000000100000000)
  region size 1024K, 3 young (3072K), 3 survivors (3072K)
 Metaspace       used 53418K, committed 53952K, reserved 491520K
  class space    used 7496K, committed 7744K, reserved 425984K
}
Event: 36.614 GC heap before
{Heap before GC invocations=30 (full 0):
 garbage-first heap   total 78848K, used 48625K [0x0000000080000000, 0x0000000100000000)
  region size 1024K, 4 young (4096K), 3 survivors (3072K)
 Metaspace       used 53546K, committed 54144K, reserved 491520K
  class space    used 7510K, committed 7808K, reserved 425984K
}
Event: 36.625 GC heap after
{Heap after GC invocations=31 (full 0):
 garbage-first heap   total 114688K, used 46746K [0x0000000080000000, 0x0000000100000000)
  region size 1024K, 1 young (1024K), 1 survivors (1024K)
 Metaspace       used 53546K, committed 54144K, reserved 491520K
  class space    used 7510K, committed 7808K, reserved 425984K
}
Event: 36.937 GC heap before
{Heap before GC invocations=31 (full 0):
 garbage-first heap   total 114688K, used 52890K [0x0000000080000000, 0x0000000100000000)
  region size 1024K, 6 young (6144K), 1 survivors (1024K)
 Metaspace       used 53626K, committed 54208K, reserved 491520K
  class space    used 7523K, committed 7808K, reserved 425984K
}
Event: 36.943 GC heap after
{Heap after GC invocations=32 (full 0):
 garbage-first heap   total 114688K, used 49897K [0x0000000080000000, 0x0000000100000000)
  region size 1024K, 2 young (2048K), 2 survivors (2048K)
 Metaspace       used 53626K, committed 54208K, reserved 491520K
  class space    used 7523K, committed 7808K, reserved 425984K
}
Event: 37.210 GC heap before
{Heap before GC invocations=32 (full 0):
 garbage-first heap   total 114688K, used 55017K [0x0000000080000000, 0x0000000100000000)
  region size 1024K, 5 young (5120K), 2 survivors (2048K)
 Metaspace       used 53732K, committed 54336K, reserved 491520K
  class space    used 7539K, committed 7808K, reserved 425984K
}
Event: 37.216 GC heap after
{Heap after GC invocations=33 (full 0):
 garbage-first heap   total 114688K, used 54015K [0x0000000080000000, 0x0000000100000000)
  region size 1024K, 3 young (3072K), 3 survivors (3072K)
 Metaspace       used 53732K, committed 54336K, reserved 491520K
  class space    used 7539K, committed 7808K, reserved 425984K
}
Event: 38.842 GC heap before
{Heap before GC invocations=34 (full 0):
 garbage-first heap   total 114688K, used 80639K [0x0000000080000000, 0x0000000100000000)
  region size 1024K, 27 young (27648K), 3 survivors (3072K)
 Metaspace       used 56240K, committed 56896K, reserved 491520K
  class space    used 7878K, committed 8192K, reserved 425984K
}
Event: 38.862 GC heap after
{Heap after GC invocations=35 (full 0):
 garbage-first heap   total 114688K, used 57104K [0x0000000080000000, 0x0000000100000000)
  region size 1024K, 3 young (3072K), 3 survivors (3072K)
 Metaspace       used 56240K, committed 56896K, reserved 491520K
  class space    used 7878K, committed 8192K, reserved 425984K
}
Event: 38.969 GC heap before
{Heap before GC invocations=35 (full 0):
 garbage-first heap   total 114688K, used 59152K [0x0000000080000000, 0x0000000100000000)
  region size 1024K, 5 young (5120K), 3 survivors (3072K)
 Metaspace       used 56388K, committed 57088K, reserved 491520K
  class space    used 7915K, committed 8256K, reserved 425984K
}
Event: 38.975 GC heap after
{Heap after GC invocations=36 (full 0):
 garbage-first heap   total 114688K, used 56605K [0x0000000080000000, 0x0000000100000000)
  region size 1024K, 1 young (1024K), 1 survivors (1024K)
 Metaspace       used 56388K, committed 57088K, reserved 491520K
  class space    used 7915K, committed 8256K, reserved 425984K
}
Event: 40.193 GC heap before
{Heap before GC invocations=36 (full 0):
 garbage-first heap   total 114688K, used 82205K [0x0000000080000000, 0x0000000100000000)
  region size 1024K, 26 young (26624K), 1 survivors (1024K)
 Metaspace       used 58147K, committed 58880K, reserved 491520K
  class space    used 8163K, committed 8512K, reserved 425984K
}

