# JRE version: Java(TM) SE Runtime Environment (17.0.12+8) (build 17.0.12+8-LTS-286)
# Java VM: Java HotSpot(TM) 64-Bit Server VM (17.0.12+8-LTS-286, mixed mode, sharing, tiered, compressed oops, compressed class ptrs, g1 gc, windows-amd64)
GC Precious Log:
 CPUs: 2 total, 2 available
 Memory: 3918M
 Large Page Support: Disabled
 NUMA Support: Disabled
 Compressed Oops: Enabled (Zero based)
 Heap Region Size: 4M
 Heap Min Capacity: 1G
 Heap Initial Capacity: 1G
 Heap Max Capacity: 8G
 Pre-touch: Disabled
 Parallel Workers: 2
 Concurrent Workers: 1
 Concurrent Refinement Workers: 2
 Periodic GC: Disabled
Heap:
 garbage-first heap   total 1261568K, used 383459K [0x0000000600000000, 0x0000000800000000)
  region size 4096K, 1 young (4096K), 1 survivors (4096K)
 Metaspace       used 173527K, committed 175872K, reserved 1245184K
  class space    used 22482K, committed 23552K, reserved 1048576K
GC Heap History (20 events):
Event: 1170.290 GC heap after
{Heap after GC invocations=68 (full 0):
 garbage-first heap   total 1261568K, used 546618K [0x0000000600000000, 0x0000000800000000)
  region size 4096K, 2 young (8192K), 2 survivors (8192K)
 Metaspace       used 162756K, committed 165184K, reserved 1245184K
  class space    used 20809K, committed 21888K, reserved 1048576K
}
Event: 1175.352 GC heap before
{Heap before GC invocations=68 (full 0):
 garbage-first heap   total 1261568K, used 599866K [0x0000000600000000, 0x0000000800000000)
  region size 4096K, 15 young (61440K), 2 survivors (8192K)
 Metaspace       used 164503K, committed 166848K, reserved 1245184K
  class space    used 21031K, committed 22080K, reserved 1048576K
}
Event: 1175.469 GC heap after
{Heap after GC invocations=69 (full 0):
 garbage-first heap   total 1261568K, used 556016K [0x0000000600000000, 0x0000000800000000)
  region size 4096K, 2 young (8192K), 2 survivors (8192K)
 Metaspace       used 164503K, committed 166848K, reserved 1245184K
  class space    used 21031K, committed 22080K, reserved 1048576K
}
Event: 1176.229 GC heap before
{Heap before GC invocations=69 (full 0):
 garbage-first heap   total 1261568K, used 560112K [0x0000000600000000, 0x0000000800000000)
  region size 4096K, 4 young (16384K), 2 survivors (8192K)
 Metaspace       used 164947K, committed 167296K, reserved 1245184K
  class space    used 21103K, committed 22144K, reserved 1048576K
}
Event: 1176.337 GC heap after
{Heap after GC invocations=70 (full 0):
 garbage-first heap   total 1261568K, used 558213K [0x0000000600000000, 0x0000000800000000)
  region size 4096K, 1 young (4096K), 1 survivors (4096K)
 Metaspace       used 164947K, committed 167296K, reserved 1245184K
  class space    used 21103K, committed 22144K, reserved 1048576K
}
Event: 1197.555 GC heap before
{Heap before GC invocations=71 (full 0):
 garbage-first heap   total 1261568K, used 603269K [0x0000000600000000, 0x0000000800000000)
  region size 4096K, 15 young (61440K), 1 survivors (4096K)
 Metaspace       used 163433K, committed 165760K, reserved 1245184K
  class space    used 21179K, committed 22272K, reserved 1048576K
}
Event: 1197.667 GC heap after
{Heap after GC invocations=72 (full 0):
 garbage-first heap   total 1261568K, used 553449K [0x0000000600000000, 0x0000000800000000)
  region size 4096K, 2 young (8192K), 2 survivors (8192K)
 Metaspace       used 163433K, committed 165760K, reserved 1245184K
  class space    used 21179K, committed 22272K, reserved 1048576K
}
Event: 1204.860 GC heap before
{Heap before GC invocations=72 (full 0):
 garbage-first heap   total 1261568K, used 606697K [0x0000000600000000, 0x0000000800000000)
  region size 4096K, 15 young (61440K), 2 survivors (8192K)
 Metaspace       used 168074K, committed 170368K, reserved 1245184K
  class space    used 21915K, committed 22976K, reserved 1048576K
}
Event: 1204.935 GC heap after
{Heap after GC invocations=73 (full 0):
 garbage-first heap   total 1261568K, used 527924K [0x0000000600000000, 0x0000000800000000)
  region size 4096K, 1 young (4096K), 1 survivors (4096K)
 Metaspace       used 168074K, committed 170368K, reserved 1245184K
  class space    used 21915K, committed 22976K, reserved 1048576K
}
Event: 1215.610 GC heap before
{Heap before GC invocations=73 (full 0):
 garbage-first heap   total 1261568K, used 585268K [0x0000000600000000, 0x0000000800000000)
  region size 4096K, 15 young (61440K), 1 survivors (4096K)
 Metaspace       used 170482K, committed 172736K, reserved 1245184K
  class space    used 22107K, committed 23168K, reserved 1048576K
}
Event: 1215.678 GC heap after
{Heap after GC invocations=74 (full 0):
 garbage-first heap   total 1261568K, used 491782K [0x0000000600000000, 0x0000000800000000)
  region size 4096K, 1 young (4096K), 1 survivors (4096K)
 Metaspace       used 170482K, committed 172736K, reserved 1245184K
  class space    used 22107K, committed 23168K, reserved 1048576K
}
Event: 1228.013 GC heap before
{Heap before GC invocations=74 (full 0):
 garbage-first heap   total 1261568K, used 549126K [0x0000000600000000, 0x0000000800000000)
  region size 4096K, 15 young (61440K), 1 survivors (4096K)
 Metaspace       used 170892K, committed 173248K, reserved 1245184K
  class space    used 22140K, committed 23232K, reserved 1048576K
}
Event: 1228.088 GC heap after
{Heap after GC invocations=75 (full 0):
 garbage-first heap   total 1261568K, used 466576K [0x0000000600000000, 0x0000000800000000)
  region size 4096K, 1 young (4096K), 1 survivors (4096K)
 Metaspace       used 170892K, committed 173248K, reserved 1245184K
  class space    used 22140K, committed 23232K, reserved 1048576K
}
Event: 1237.318 GC heap before
{Heap before GC invocations=75 (full 0):
 garbage-first heap   total 1261568K, used 523920K [0x0000000600000000, 0x0000000800000000)
  region size 4096K, 15 young (61440K), 1 survivors (4096K)
 Metaspace       used 170996K, committed 173312K, reserved 1245184K
  class space    used 22149K, committed 23232K, reserved 1048576K
}
Event: 1237.450 GC heap after
{Heap after GC invocations=76 (full 0):
 garbage-first heap   total 1261568K, used 442557K [0x0000000600000000, 0x0000000800000000)
  region size 4096K, 1 young (4096K), 1 survivors (4096K)
 Metaspace       used 170996K, committed 173312K, reserved 1245184K
  class space    used 22149K, committed 23232K, reserved 1048576K
}
Event: 1249.950 GC heap before
{Heap before GC invocations=76 (full 0):
 garbage-first heap   total 1261568K, used 499901K [0x0000000600000000, 0x0000000800000000)
  region size 4096K, 15 young (61440K), 1 survivors (4096K)
 Metaspace       used 173242K, committed 175616K, reserved 1245184K
  class space    used 22471K, committed 23552K, reserved 1048576K
}
Event: 1250.102 GC heap after
{Heap after GC invocations=77 (full 0):
 garbage-first heap   total 1261568K, used 421227K [0x0000000600000000, 0x0000000800000000)
  region size 4096K, 2 young (8192K), 2 survivors (8192K)
 Metaspace       used 173242K, committed 175616K, reserved 1245184K
  class space    used 22471K, committed 23552K, reserved 1048576K
}
Event: 1256.302 GC heap before
{Heap before GC invocations=77 (full 0):
 garbage-first heap   total 1261568K, used 474475K [0x0000000600000000, 0x0000000800000000)
  region size 4096K, 15 young (61440K), 2 survivors (8192K)
 Metaspace       used 173280K, committed 175616K, reserved 1245184K
  class space    used 22472K, committed 23552K, reserved 1048576K
}
Event: 1256.529 GC heap after
{Heap after GC invocations=78 (full 0):
 garbage-first heap   total 1261568K, used 401727K [0x0000000600000000, 0x0000000800000000)
  region size 4096K, 1 young (4096K), 1 survivors (4096K)
 Metaspace       used 173280K, committed 175616K, reserved 1245184K
  class space    used 22472K, committed 23552K, reserved 1048576K
}
Event: 1266.595 GC heap before
{Heap before GC invocations=78 (full 0):
 garbage-first heap   total 1261568K, used 459071K [0x0000000600000000, 0x0000000800000000)
  region size 4096K, 15 young (61440K), 1 survivors (4096K)
 Metaspace       used 173527K, committed 175872K, reserved 1245184K
  class space    used 22482K, committed 23552K, reserved 1048576K
}

