# JRE version: Java(TM) SE Runtime Environment (17.0.12+8) (build 17.0.12+8-LTS-286)
# Java VM: Java HotSpot(TM) 64-Bit Server VM (17.0.12+8-LTS-286, mixed mode, sharing, tiered, compressed oops, compressed class ptrs, g1 gc, windows-amd64)
GC Precious Log:
 CPUs: 2 total, 2 available
 Memory: 3918M
 Large Page Support: Disabled
 NUMA Support: Disabled
 Compressed Oops: Enabled (32-bit)
 Heap Region Size: 1M
 Heap Min Capacity: 8M
 Heap Initial Capacity: 62M
 Heap Max Capacity: 980M
 Pre-touch: Disabled
 Parallel Workers: 2
 Concurrent Workers: 1
 Concurrent Refinement Workers: 2
 Periodic GC: Disabled
Heap:
 garbage-first heap   total 51200K, used 34583K [0x00000000c2c00000, 0x0000000100000000)
  region size 1024K, 3 young (3072K), 2 survivors (2048K)
 Metaspace       used 39677K, committed 39936K, reserved 1114112K
  class space    used 4818K, committed 4928K, reserved 1048576K
GC Heap History (20 events):
Event: 10.276 GC heap before
{Heap before GC invocations=3 (full 0):
 garbage-first heap   total 63488K, used 42054K [0x00000000c2c00000, 0x0000000100000000)
  region size 1024K, 37 young (37888K), 2 survivors (2048K)
 Metaspace       used 16418K, committed 16640K, reserved 1114112K
  class space    used 1863K, committed 1984K, reserved 1048576K
}
Event: 10.289 GC heap after
{Heap after GC invocations=4 (full 0):
 garbage-first heap   total 63488K, used 9123K [0x00000000c2c00000, 0x0000000100000000)
  region size 1024K, 5 young (5120K), 5 survivors (5120K)
 Metaspace       used 16418K, committed 16640K, reserved 1114112K
  class space    used 1863K, committed 1984K, reserved 1048576K
}
Event: 15.780 GC heap before
{Heap before GC invocations=4 (full 0):
 garbage-first heap   total 63488K, used 33699K [0x00000000c2c00000, 0x0000000100000000)
  region size 1024K, 30 young (30720K), 5 survivors (5120K)
 Metaspace       used 21329K, committed 21504K, reserved 1114112K
  class space    used 2486K, committed 2560K, reserved 1048576K
}
Event: 15.802 GC heap after
{Heap after GC invocations=5 (full 0):
 garbage-first heap   total 63488K, used 13858K [0x00000000c2c00000, 0x0000000100000000)
  region size 1024K, 5 young (5120K), 5 survivors (5120K)
 Metaspace       used 21329K, committed 21504K, reserved 1114112K
  class space    used 2486K, committed 2560K, reserved 1048576K
}
Event: 17.865 GC heap before
{Heap before GC invocations=6 (full 0):
 garbage-first heap   total 51200K, used 38434K [0x00000000c2c00000, 0x0000000100000000)
  region size 1024K, 30 young (30720K), 5 survivors (5120K)
 Metaspace       used 27182K, committed 27392K, reserved 1114112K
  class space    used 3544K, committed 3648K, reserved 1048576K
}
Event: 17.883 GC heap after
{Heap after GC invocations=7 (full 0):
 garbage-first heap   total 51200K, used 16269K [0x00000000c2c00000, 0x0000000100000000)
  region size 1024K, 3 young (3072K), 3 survivors (3072K)
 Metaspace       used 27182K, committed 27392K, reserved 1114112K
  class space    used 3544K, committed 3648K, reserved 1048576K
}
Event: 22.879 GC heap before
{Heap before GC invocations=7 (full 0):
 garbage-first heap   total 51200K, used 36749K [0x00000000c2c00000, 0x0000000100000000)
  region size 1024K, 24 young (24576K), 3 survivors (3072K)
 Metaspace       used 32943K, committed 33216K, reserved 1114112K
  class space    used 4113K, committed 4224K, reserved 1048576K
}
Event: 22.890 GC heap after
{Heap after GC invocations=8 (full 0):
 garbage-first heap   total 51200K, used 17848K [0x00000000c2c00000, 0x0000000100000000)
  region size 1024K, 2 young (2048K), 2 survivors (2048K)
 Metaspace       used 32943K, committed 33216K, reserved 1114112K
  class space    used 4113K, committed 4224K, reserved 1048576K
}
Event: 27.553 GC heap before
{Heap before GC invocations=8 (full 0):
 garbage-first heap   total 51200K, used 28088K [0x00000000c2c00000, 0x0000000100000000)
  region size 1024K, 14 young (14336K), 2 survivors (2048K)
 Metaspace       used 35719K, committed 35968K, reserved 1114112K
  class space    used 4421K, committed 4544K, reserved 1048576K
}
Event: 27.560 GC heap after
{Heap after GC invocations=9 (full 0):
 garbage-first heap   total 51200K, used 18462K [0x00000000c2c00000, 0x0000000100000000)
  region size 1024K, 3 young (3072K), 3 survivors (3072K)
 Metaspace       used 35719K, committed 35968K, reserved 1114112K
  class space    used 4421K, committed 4544K, reserved 1048576K
}
Event: 31.273 GC heap before
{Heap before GC invocations=10 (full 0):
 garbage-first heap   total 51200K, used 39966K [0x00000000c2c00000, 0x0000000100000000)
  region size 1024K, 23 young (23552K), 3 survivors (3072K)
 Metaspace       used 38417K, committed 38720K, reserved 1114112K
  class space    used 4705K, committed 4864K, reserved 1048576K
}
Event: 31.287 GC heap after
{Heap after GC invocations=11 (full 0):
 garbage-first heap   total 51200K, used 23297K [0x00000000c2c00000, 0x0000000100000000)
  region size 1024K, 3 young (3072K), 3 survivors (3072K)
 Metaspace       used 38417K, committed 38720K, reserved 1114112K
  class space    used 4705K, committed 4864K, reserved 1048576K
}
Event: 31.299 GC heap before
{Heap before GC invocations=11 (full 0):
 garbage-first heap   total 51200K, used 24321K [0x00000000c2c00000, 0x0000000100000000)
  region size 1024K, 4 young (4096K), 3 survivors (3072K)
 Metaspace       used 38417K, committed 38720K, reserved 1114112K
  class space    used 4705K, committed 4864K, reserved 1048576K
}
Event: 31.307 GC heap after
{Heap after GC invocations=12 (full 0):
 garbage-first heap   total 51200K, used 24227K [0x00000000c2c00000, 0x0000000100000000)
  region size 1024K, 1 young (1024K), 1 survivors (1024K)
 Metaspace       used 38417K, committed 38720K, reserved 1114112K
  class space    used 4705K, committed 4864K, reserved 1048576K
}
Event: 32.686 GC heap before
{Heap before GC invocations=12 (full 0):
 garbage-first heap   total 51200K, used 38563K [0x00000000c2c00000, 0x0000000100000000)
  region size 1024K, 15 young (15360K), 1 survivors (1024K)
 Metaspace       used 38482K, committed 38784K, reserved 1114112K
  class space    used 4706K, committed 4864K, reserved 1048576K
}
Event: 32.697 GC heap after
{Heap after GC invocations=13 (full 0):
 garbage-first heap   total 51200K, used 29324K [0x00000000c2c00000, 0x0000000100000000)
  region size 1024K, 2 young (2048K), 2 survivors (2048K)
 Metaspace       used 38482K, committed 38784K, reserved 1114112K
  class space    used 4706K, committed 4864K, reserved 1048576K
}
Event: 34.160 GC heap before
{Heap before GC invocations=14 (full 0):
 garbage-first heap   total 51200K, used 38540K [0x00000000c2c00000, 0x0000000100000000)
  region size 1024K, 11 young (11264K), 2 survivors (2048K)
 Metaspace       used 39054K, committed 39296K, reserved 1114112K
  class space    used 4741K, committed 4864K, reserved 1048576K
}
Event: 34.168 GC heap after
{Heap after GC invocations=15 (full 0):
 garbage-first heap   total 51200K, used 32077K [0x00000000c2c00000, 0x0000000100000000)
  region size 1024K, 2 young (2048K), 2 survivors (2048K)
 Metaspace       used 39054K, committed 39296K, reserved 1114112K
  class space    used 4741K, committed 4864K, reserved 1048576K
}
Event: 35.167 GC heap before
{Heap before GC invocations=15 (full 0):
 garbage-first heap   total 51200K, used 39245K [0x00000000c2c00000, 0x0000000100000000)
  region size 1024K, 9 young (9216K), 2 survivors (2048K)
 Metaspace       used 39619K, committed 39872K, reserved 1114112K
  class space    used 4812K, committed 4928K, reserved 1048576K
}
Event: 35.179 GC heap after
{Heap after GC invocations=16 (full 0):
 garbage-first heap   total 51200K, used 34583K [0x00000000c2c00000, 0x0000000100000000)
  region size 1024K, 2 young (2048K), 2 survivors (2048K)
 Metaspace       used 39619K, committed 39872K, reserved 1114112K
  class space    used 4812K, committed 4928K, reserved 1048576K
}

