# JRE version: Java(TM) SE Runtime Environment (17.0.12+8) (build 17.0.12+8-LTS-286)
# Java VM: Java HotSpot(TM) 64-Bit Server VM (17.0.12+8-LTS-286, mixed mode, sharing, tiered, compressed oops, compressed class ptrs, g1 gc, windows-amd64)
GC Precious Log:
 CPUs: 2 total, 2 available
 Memory: 3918M
 Large Page Support: Disabled
 NUMA Support: Disabled
 Compressed Oops: Enabled (32-bit)
 Heap Region Size: 1M
 Heap Min Capacity: 8M
 Heap Initial Capacity: 62M
 Heap Max Capacity: 1G
 Pre-touch: Disabled
 Parallel Workers: 2
 Concurrent Workers: 1
 Concurrent Refinement Workers: 2
 Periodic GC: Disabled
Heap:
 garbage-first heap   total 165888K, used 121950K [0x00000000c0000000, 0x0000000100000000)
  region size 1024K, 9 young (9216K), 3 survivors (3072K)
 Metaspace       used 95654K, committed 96704K, reserved 344064K
  class space    used 12965K, committed 13504K, reserved 212992K
GC Heap History (20 events):
Event: 89.956 GC heap before
{Heap before GC invocations=61 (full 0):
 garbage-first heap   total 138240K, used 120997K [0x00000000c0000000, 0x0000000100000000)
  region size 1024K, 10 young (10240K), 1 survivors (1024K)
 Metaspace       used 90233K, committed 91200K, reserved 344064K
  class space    used 12232K, committed 12736K, reserved 212992K
}
Event: 89.963 GC heap after
{Heap after GC invocations=62 (full 0):
 garbage-first heap   total 138240K, used 113377K [0x00000000c0000000, 0x0000000100000000)
  region size 1024K, 2 young (2048K), 2 survivors (2048K)
 Metaspace       used 90233K, committed 91200K, reserved 344064K
  class space    used 12232K, committed 12736K, reserved 212992K
}
Event: 90.529 GC heap before
{Heap before GC invocations=62 (full 0):
 garbage-first heap   total 138240K, used 120545K [0x00000000c0000000, 0x0000000100000000)
  region size 1024K, 9 young (9216K), 2 survivors (2048K)
 Metaspace       used 90734K, committed 91712K, reserved 344064K
  class space    used 12298K, committed 12800K, reserved 212992K
}
Event: 90.537 GC heap after
{Heap after GC invocations=63 (full 0):
 garbage-first heap   total 138240K, used 113446K [0x00000000c0000000, 0x0000000100000000)
  region size 1024K, 1 young (1024K), 1 survivors (1024K)
 Metaspace       used 90734K, committed 91712K, reserved 344064K
  class space    used 12298K, committed 12800K, reserved 212992K
}
Event: 90.944 GC heap before
{Heap before GC invocations=63 (full 0):
 garbage-first heap   total 138240K, used 121638K [0x00000000c0000000, 0x0000000100000000)
  region size 1024K, 9 young (9216K), 1 survivors (1024K)
 Metaspace       used 91385K, committed 92416K, reserved 344064K
  class space    used 12393K, committed 12928K, reserved 212992K
}
Event: 90.950 GC heap after
{Heap after GC invocations=64 (full 0):
 garbage-first heap   total 138240K, used 113731K [0x00000000c0000000, 0x0000000100000000)
  region size 1024K, 2 young (2048K), 2 survivors (2048K)
 Metaspace       used 91385K, committed 92416K, reserved 344064K
  class space    used 12393K, committed 12928K, reserved 212992K
}
Event: 91.175 GC heap before
{Heap before GC invocations=64 (full 0):
 garbage-first heap   total 138240K, used 120899K [0x00000000c0000000, 0x0000000100000000)
  region size 1024K, 9 young (9216K), 2 survivors (2048K)
 Metaspace       used 91905K, committed 92928K, reserved 344064K
  class space    used 12461K, committed 12992K, reserved 212992K
}
Event: 91.183 GC heap after
{Heap after GC invocations=65 (full 0):
 garbage-first heap   total 138240K, used 113961K [0x00000000c0000000, 0x0000000100000000)
  region size 1024K, 2 young (2048K), 2 survivors (2048K)
 Metaspace       used 91905K, committed 92928K, reserved 344064K
  class space    used 12461K, committed 12992K, reserved 212992K
}
Event: 91.376 GC heap before
{Heap before GC invocations=65 (full 0):
 garbage-first heap   total 138240K, used 119081K [0x00000000c0000000, 0x0000000100000000)
  region size 1024K, 8 young (8192K), 2 survivors (2048K)
 Metaspace       used 92370K, committed 93376K, reserved 344064K
  class space    used 12518K, committed 13056K, reserved 212992K
}
Event: 91.386 GC heap after
{Heap after GC invocations=66 (full 0):
 garbage-first heap   total 138240K, used 113886K [0x00000000c0000000, 0x0000000100000000)
  region size 1024K, 1 young (1024K), 1 survivors (1024K)
 Metaspace       used 92370K, committed 93376K, reserved 344064K
  class space    used 12518K, committed 13056K, reserved 212992K
}
Event: 91.888 GC heap before
{Heap before GC invocations=66 (full 0):
 garbage-first heap   total 138240K, used 121054K [0x00000000c0000000, 0x0000000100000000)
  region size 1024K, 9 young (9216K), 1 survivors (1024K)
 Metaspace       used 92949K, committed 94016K, reserved 344064K
  class space    used 12591K, committed 13120K, reserved 212992K
}
Event: 91.892 GC heap after
{Heap after GC invocations=67 (full 0):
 garbage-first heap   total 138240K, used 114080K [0x00000000c0000000, 0x0000000100000000)
  region size 1024K, 1 young (1024K), 1 survivors (1024K)
 Metaspace       used 92949K, committed 94016K, reserved 344064K
  class space    used 12591K, committed 13120K, reserved 212992K
}
Event: 92.296 GC heap before
{Heap before GC invocations=67 (full 0):
 garbage-first heap   total 138240K, used 121248K [0x00000000c0000000, 0x0000000100000000)
  region size 1024K, 9 young (9216K), 1 survivors (1024K)
 Metaspace       used 93441K, committed 94464K, reserved 344064K
  class space    used 12663K, committed 13184K, reserved 212992K
}
Event: 92.301 GC heap after
{Heap after GC invocations=68 (full 0):
 garbage-first heap   total 138240K, used 114443K [0x00000000c0000000, 0x0000000100000000)
  region size 1024K, 1 young (1024K), 1 survivors (1024K)
 Metaspace       used 93441K, committed 94464K, reserved 344064K
  class space    used 12663K, committed 13184K, reserved 212992K
}
Event: 92.521 GC heap before
{Heap before GC invocations=68 (full 0):
 garbage-first heap   total 138240K, used 122635K [0x00000000c0000000, 0x0000000100000000)
  region size 1024K, 9 young (9216K), 1 survivors (1024K)
 Metaspace       used 93897K, committed 94912K, reserved 344064K
  class space    used 12747K, committed 13248K, reserved 212992K
}
Event: 92.527 GC heap after
{Heap after GC invocations=69 (full 0):
 garbage-first heap   total 138240K, used 114798K [0x00000000c0000000, 0x0000000100000000)
  region size 1024K, 2 young (2048K), 2 survivors (2048K)
 Metaspace       used 93897K, committed 94912K, reserved 344064K
  class space    used 12747K, committed 13248K, reserved 212992K
}
Event: 92.722 GC heap before
{Heap before GC invocations=69 (full 0):
 garbage-first heap   total 138240K, used 120942K [0x00000000c0000000, 0x0000000100000000)
  region size 1024K, 8 young (8192K), 2 survivors (2048K)
 Metaspace       used 94297K, committed 95296K, reserved 344064K
  class space    used 12805K, committed 13312K, reserved 212992K
}
Event: 92.733 GC heap after
{Heap after GC invocations=70 (full 0):
 garbage-first heap   total 165888K, used 115225K [0x00000000c0000000, 0x0000000100000000)
  region size 1024K, 1 young (1024K), 1 survivors (1024K)
 Metaspace       used 94297K, committed 95296K, reserved 344064K
  class space    used 12805K, committed 13312K, reserved 212992K
}
Event: 94.155 GC heap before
{Heap before GC invocations=70 (full 0):
 garbage-first heap   total 165888K, used 142873K [0x00000000c0000000, 0x0000000100000000)
  region size 1024K, 29 young (29696K), 1 survivors (1024K)
 Metaspace       used 95650K, committed 96704K, reserved 344064K
  class space    used 12965K, committed 13504K, reserved 212992K
}
Event: 94.177 GC heap after
{Heap after GC invocations=71 (full 0):
 garbage-first heap   total 165888K, used 116830K [0x00000000c0000000, 0x0000000100000000)
  region size 1024K, 3 young (3072K), 3 survivors (3072K)
 Metaspace       used 95650K, committed 96704K, reserved 344064K
  class space    used 12965K, committed 13504K, reserved 212992K
}

