# JRE version: Java(TM) SE Runtime Environment (17.0.12+8) (build 17.0.12+8-LTS-286)
# Java VM: Java HotSpot(TM) 64-Bit Server VM (17.0.12+8-LTS-286, mixed mode, sharing, tiered, compressed oops, compressed class ptrs, g1 gc, windows-amd64)
GC Precious Log:
 CPUs: 2 total, 2 available
 Memory: 3918M
 Large Page Support: Disabled
 NUMA Support: Disabled
 Compressed Oops: Enabled (Zero based)
 Heap Region Size: 4M
 Heap Min Capacity: 1G
 Heap Initial Capacity: 1G
 Heap Max Capacity: 8G
 Pre-touch: Disabled
 Parallel Workers: 2
 Concurrent Workers: 1
 Concurrent Refinement Workers: 2
 Periodic GC: Disabled
Heap:
 garbage-first heap   total 1568768K, used 547727K [0x0000000600000000, 0x0000000800000000)
  region size 4096K, 2 young (8192K), 2 survivors (8192K)
 Metaspace       used 170062K, committed 172160K, reserved 1245184K
  class space    used 22167K, committed 23168K, reserved 1048576K
GC Heap History (20 events):
Event: 894.544 GC heap after
{Heap after GC invocations=66 (full 0):
 garbage-first heap   total 1310720K, used 373455K [0x0000000600000000, 0x0000000800000000)
  region size 4096K, 2 young (8192K), 2 survivors (8192K)
 Metaspace       used 167160K, committed 169216K, reserved 1245184K
  class space    used 21832K, committed 22784K, reserved 1048576K
}
Event: 901.999 GC heap before
{Heap before GC invocations=66 (full 0):
 garbage-first heap   total 1310720K, used 467663K [0x0000000600000000, 0x0000000800000000)
  region size 4096K, 26 young (106496K), 2 survivors (8192K)
 Metaspace       used 167341K, committed 169408K, reserved 1245184K
  class space    used 21843K, committed 22784K, reserved 1048576K
}
Event: 902.032 GC heap after
{Heap after GC invocations=67 (full 0):
 garbage-first heap   total 1310720K, used 372296K [0x0000000600000000, 0x0000000800000000)
  region size 4096K, 2 young (8192K), 2 survivors (8192K)
 Metaspace       used 167341K, committed 169408K, reserved 1245184K
  class space    used 21843K, committed 22784K, reserved 1048576K
}
Event: 907.640 GC heap before
{Heap before GC invocations=67 (full 0):
 garbage-first heap   total 1310720K, used 523848K [0x0000000600000000, 0x0000000800000000)
  region size 4096K, 39 young (159744K), 2 survivors (8192K)
 Metaspace       used 167383K, committed 169408K, reserved 1245184K
  class space    used 21848K, committed 22784K, reserved 1048576K
}
Event: 907.701 GC heap after
{Heap after GC invocations=68 (full 0):
 garbage-first heap   total 1310720K, used 377758K [0x0000000600000000, 0x0000000800000000)
  region size 4096K, 3 young (12288K), 3 survivors (12288K)
 Metaspace       used 167383K, committed 169408K, reserved 1245184K
  class space    used 21848K, committed 22784K, reserved 1048576K
}
Event: 909.950 GC heap before
{Heap before GC invocations=68 (full 0):
 garbage-first heap   total 1310720K, used 508830K [0x0000000600000000, 0x0000000800000000)
  region size 4096K, 35 young (143360K), 3 survivors (12288K)
 Metaspace       used 167393K, committed 169408K, reserved 1245184K
  class space    used 21848K, committed 22784K, reserved 1048576K
}
Event: 909.989 GC heap after
{Heap after GC invocations=69 (full 0):
 garbage-first heap   total 1310720K, used 377888K [0x0000000600000000, 0x0000000800000000)
  region size 4096K, 3 young (12288K), 3 survivors (12288K)
 Metaspace       used 167393K, committed 169408K, reserved 1245184K
  class space    used 21848K, committed 22784K, reserved 1048576K
}
Event: 915.808 GC heap before
{Heap before GC invocations=69 (full 0):
 garbage-first heap   total 1310720K, used 582688K [0x0000000600000000, 0x0000000800000000)
  region size 4096K, 53 young (217088K), 3 survivors (12288K)
 Metaspace       used 167430K, committed 169472K, reserved 1245184K
  class space    used 21857K, committed 22784K, reserved 1048576K
}
Event: 915.878 GC heap after
{Heap after GC invocations=70 (full 0):
 garbage-first heap   total 1310720K, used 377146K [0x0000000600000000, 0x0000000800000000)
  region size 4096K, 3 young (12288K), 3 survivors (12288K)
 Metaspace       used 167430K, committed 169472K, reserved 1245184K
  class space    used 21857K, committed 22784K, reserved 1048576K
}
Event: 931.687 GC heap before
{Heap before GC invocations=70 (full 0):
 garbage-first heap   total 1310720K, used 717114K [0x0000000600000000, 0x0000000800000000)
  region size 4096K, 87 young (356352K), 3 survivors (12288K)
 Metaspace       used 167981K, committed 170048K, reserved 1245184K
  class space    used 21917K, committed 22912K, reserved 1048576K
}
Event: 931.776 GC heap after
{Heap after GC invocations=71 (full 0):
 garbage-first heap   total 1310720K, used 376986K [0x0000000600000000, 0x0000000800000000)
  region size 4096K, 3 young (12288K), 3 survivors (12288K)
 Metaspace       used 167981K, committed 170048K, reserved 1245184K
  class space    used 21917K, committed 22912K, reserved 1048576K
}
Event: 957.727 GC heap before
{Heap before GC invocations=71 (full 0):
 garbage-first heap   total 1310720K, used 835738K [0x0000000600000000, 0x0000000800000000)
  region size 4096K, 104 young (425984K), 3 survivors (12288K)
 Metaspace       used 169670K, committed 171712K, reserved 1245184K
  class space    used 22139K, committed 23104K, reserved 1048576K
}
Event: 958.649 GC heap after
{Heap after GC invocations=72 (full 0):
 garbage-first heap   total 1310720K, used 462210K [0x0000000600000000, 0x0000000800000000)
  region size 4096K, 13 young (53248K), 13 survivors (53248K)
 Metaspace       used 169670K, committed 171712K, reserved 1245184K
  class space    used 22139K, committed 23104K, reserved 1048576K
}
Event: 959.539 GC heap before
{Heap before GC invocations=72 (full 0):
 garbage-first heap   total 1310720K, used 474498K [0x0000000600000000, 0x0000000800000000)
  region size 4096K, 16 young (65536K), 13 survivors (53248K)
 Metaspace       used 169675K, committed 171712K, reserved 1245184K
  class space    used 22139K, committed 23104K, reserved 1048576K
}
Event: 959.801 GC heap after
{Heap after GC invocations=73 (full 0):
 garbage-first heap   total 1310720K, used 467899K [0x0000000600000000, 0x0000000800000000)
  region size 4096K, 2 young (8192K), 2 survivors (8192K)
 Metaspace       used 169675K, committed 171712K, reserved 1245184K
  class space    used 22139K, committed 23104K, reserved 1048576K
}
Event: 961.712 GC heap before
{Heap before GC invocations=73 (full 0):
 garbage-first heap   total 1310720K, used 525243K [0x0000000600000000, 0x0000000800000000)
  region size 4096K, 16 young (65536K), 2 survivors (8192K)
 Metaspace       used 169679K, committed 171712K, reserved 1245184K
  class space    used 22139K, committed 23104K, reserved 1048576K
}
Event: 961.889 GC heap after
{Heap after GC invocations=74 (full 0):
 garbage-first heap   total 1310720K, used 492431K [0x0000000600000000, 0x0000000800000000)
  region size 4096K, 2 young (8192K), 2 survivors (8192K)
 Metaspace       used 169679K, committed 171712K, reserved 1245184K
  class space    used 22139K, committed 23104K, reserved 1048576K
}
Event: 965.617 GC heap before
{Heap before GC invocations=74 (full 0):
 garbage-first heap   total 1310720K, used 545679K [0x0000000600000000, 0x0000000800000000)
  region size 4096K, 16 young (65536K), 2 survivors (8192K)
 Metaspace       used 170051K, committed 172160K, reserved 1245184K
  class space    used 22167K, committed 23168K, reserved 1048576K
}
Event: 965.843 GC heap after
{Heap after GC invocations=75 (full 0):
 garbage-first heap   total 1310720K, used 518922K [0x0000000600000000, 0x0000000800000000)
  region size 4096K, 2 young (8192K), 2 survivors (8192K)
 Metaspace       used 170051K, committed 172160K, reserved 1245184K
  class space    used 22167K, committed 23168K, reserved 1048576K
}
Event: 968.359 GC heap before
{Heap before GC invocations=75 (full 0):
 garbage-first heap   total 1310720K, used 572170K [0x0000000600000000, 0x0000000800000000)
  region size 4096K, 16 young (65536K), 2 survivors (8192K)
 Metaspace       used 170062K, committed 172160K, reserved 1245184K
  class space    used 22167K, committed 23168K, reserved 1048576K
}

